
AVRASM ver. 2.1.30  D:\Program\#Uni\AVR_ProJect\Project07_Keypad_4.4_V1.0\Debug\List\key02.asm Mon Dec 07 09:24:18 2020

D:\Program\#Uni\AVR_ProJect\Project07_Keypad_4.4_V1.0\Debug\List\key02.asm(1088): warning: Register r5 already defined by the .DEF directive
D:\Program\#Uni\AVR_ProJect\Project07_Keypad_4.4_V1.0\Debug\List\key02.asm(1089): warning: Register r4 already defined by the .DEF directive
D:\Program\#Uni\AVR_ProJect\Project07_Keypad_4.4_V1.0\Debug\List\key02.asm(1090): warning: Register r7 already defined by the .DEF directive
                 
                 
                 ;CodeVisionAVR C Compiler V3.12 Advanced
                 ;(C) Copyright 1998-2014 Pavel Haiduc, HP InfoTech s.r.l.
                 ;http://www.hpinfotech.com
                 
                 ;Build configuration    : Debug
                 ;Chip type              : ATmega16
                 ;Program type           : Application
                 ;Clock frequency        : 8.000000 MHz
                 ;Memory model           : Small
                 ;Optimize for           : Size
                 ;(s)printf features     : int, width
                 ;(s)scanf features      : int, width
                 ;External RAM size      : 0
                 ;Data Stack size        : 256 byte(s)
                 ;Heap size              : 0 byte(s)
                 ;Promote 'char' to 'int': Yes
                 ;'char' is unsigned     : Yes
                 ;8 bit enums            : Yes
                 ;Global 'const' stored in FLASH: Yes
                 ;Enhanced function parameter passing: Yes
                 ;Enhanced core instructions: On
                 ;Automatic register allocation for global variables: On
                 ;Smart register allocation: On
                 
                 	#define _MODEL_SMALL_
                 
                 	#pragma AVRPART ADMIN PART_NAME ATmega16
                 	#pragma AVRPART MEMORY PROG_FLASH 16384
                 	#pragma AVRPART MEMORY EEPROM 512
                 	#pragma AVRPART MEMORY INT_SRAM SIZE 1024
                 	#pragma AVRPART MEMORY INT_SRAM START_ADDR 0x60
                 
                 	#define CALL_SUPPORTED 1
                 
                 	.LISTMAC
                 	.EQU UDRE=0x5
                 	.EQU RXC=0x7
                 	.EQU USR=0xB
                 	.EQU UDR=0xC
                 	.EQU SPSR=0xE
                 	.EQU SPDR=0xF
                 	.EQU EERE=0x0
                 	.EQU EEWE=0x1
                 	.EQU EEMWE=0x2
                 	.EQU EECR=0x1C
                 	.EQU EEDR=0x1D
                 	.EQU EEARL=0x1E
                 	.EQU EEARH=0x1F
                 	.EQU WDTCR=0x21
                 	.EQU MCUCR=0x35
                 	.EQU GICR=0x3B
                 	.EQU SPL=0x3D
                 	.EQU SPH=0x3E
                 	.EQU SREG=0x3F
                 
                 	.DEF R0X0=R0
                 	.DEF R0X1=R1
                 	.DEF R0X2=R2
                 	.DEF R0X3=R3
                 	.DEF R0X4=R4
                 	.DEF R0X5=R5
                 	.DEF R0X6=R6
                 	.DEF R0X7=R7
                 	.DEF R0X8=R8
                 	.DEF R0X9=R9
                 	.DEF R0XA=R10
                 	.DEF R0XB=R11
                 	.DEF R0XC=R12
                 	.DEF R0XD=R13
                 	.DEF R0XE=R14
                 	.DEF R0XF=R15
                 	.DEF R0X10=R16
                 	.DEF R0X11=R17
                 	.DEF R0X12=R18
                 	.DEF R0X13=R19
                 	.DEF R0X14=R20
                 	.DEF R0X15=R21
                 	.DEF R0X16=R22
                 	.DEF R0X17=R23
                 	.DEF R0X18=R24
                 	.DEF R0X19=R25
                 	.DEF R0X1A=R26
                 	.DEF R0X1B=R27
                 	.DEF R0X1C=R28
                 	.DEF R0X1D=R29
                 	.DEF R0X1E=R30
                 	.DEF R0X1F=R31
                 
                 	.EQU __SRAM_START=0x0060
                 	.EQU __SRAM_END=0x045F
                 	.EQU __DSTACK_SIZE=0x0100
                 	.EQU __HEAP_SIZE=0x0000
                 	.EQU __CLEAR_SRAM_SIZE=__SRAM_END-__SRAM_START+1
                 
                 	.MACRO __CPD1N
                 	CPI  R30,LOW(@0)
                 	LDI  R26,HIGH(@0)
                 	CPC  R31,R26
                 	LDI  R26,BYTE3(@0)
                 	CPC  R22,R26
                 	LDI  R26,BYTE4(@0)
                 	CPC  R23,R26
                 	.ENDM
                 
                 	.MACRO __CPD2N
                 	CPI  R26,LOW(@0)
                 	LDI  R30,HIGH(@0)
                 	CPC  R27,R30
                 	LDI  R30,BYTE3(@0)
                 	CPC  R24,R30
                 	LDI  R30,BYTE4(@0)
                 	CPC  R25,R30
                 	.ENDM
                 
                 	.MACRO __CPWRR
                 	CP   R@0,R@2
                 	CPC  R@1,R@3
                 	.ENDM
                 
                 	.MACRO __CPWRN
                 	CPI  R@0,LOW(@2)
                 	LDI  R30,HIGH(@2)
                 	CPC  R@1,R30
                 	.ENDM
                 
                 	.MACRO __ADDB1MN
                 	SUBI R30,LOW(-@0-(@1))
                 	.ENDM
                 
                 	.MACRO __ADDB2MN
                 	SUBI R26,LOW(-@0-(@1))
                 	.ENDM
                 
                 	.MACRO __ADDW1MN
                 	SUBI R30,LOW(-@0-(@1))
                 	SBCI R31,HIGH(-@0-(@1))
                 	.ENDM
                 
                 	.MACRO __ADDW2MN
                 	SUBI R26,LOW(-@0-(@1))
                 	SBCI R27,HIGH(-@0-(@1))
                 	.ENDM
                 
                 	.MACRO __ADDW1FN
                 	SUBI R30,LOW(-2*@0-(@1))
                 	SBCI R31,HIGH(-2*@0-(@1))
                 	.ENDM
                 
                 	.MACRO __ADDD1FN
                 	SUBI R30,LOW(-2*@0-(@1))
                 	SBCI R31,HIGH(-2*@0-(@1))
                 	SBCI R22,BYTE3(-2*@0-(@1))
                 	.ENDM
                 
                 	.MACRO __ADDD1N
                 	SUBI R30,LOW(-@0)
                 	SBCI R31,HIGH(-@0)
                 	SBCI R22,BYTE3(-@0)
                 	SBCI R23,BYTE4(-@0)
                 	.ENDM
                 
                 	.MACRO __ADDD2N
                 	SUBI R26,LOW(-@0)
                 	SBCI R27,HIGH(-@0)
                 	SBCI R24,BYTE3(-@0)
                 	SBCI R25,BYTE4(-@0)
                 	.ENDM
                 
                 	.MACRO __SUBD1N
                 	SUBI R30,LOW(@0)
                 	SBCI R31,HIGH(@0)
                 	SBCI R22,BYTE3(@0)
                 	SBCI R23,BYTE4(@0)
                 	.ENDM
                 
                 	.MACRO __SUBD2N
                 	SUBI R26,LOW(@0)
                 	SBCI R27,HIGH(@0)
                 	SBCI R24,BYTE3(@0)
                 	SBCI R25,BYTE4(@0)
                 	.ENDM
                 
                 	.MACRO __ANDBMNN
                 	LDS  R30,@0+(@1)
                 	ANDI R30,LOW(@2)
                 	STS  @0+(@1),R30
                 	.ENDM
                 
                 	.MACRO __ANDWMNN
                 	LDS  R30,@0+(@1)
                 	ANDI R30,LOW(@2)
                 	STS  @0+(@1),R30
                 	LDS  R30,@0+(@1)+1
                 	ANDI R30,HIGH(@2)
                 	STS  @0+(@1)+1,R30
                 	.ENDM
                 
                 	.MACRO __ANDD1N
                 	ANDI R30,LOW(@0)
                 	ANDI R31,HIGH(@0)
                 	ANDI R22,BYTE3(@0)
                 	ANDI R23,BYTE4(@0)
                 	.ENDM
                 
                 	.MACRO __ANDD2N
                 	ANDI R26,LOW(@0)
                 	ANDI R27,HIGH(@0)
                 	ANDI R24,BYTE3(@0)
                 	ANDI R25,BYTE4(@0)
                 	.ENDM
                 
                 	.MACRO __ORBMNN
                 	LDS  R30,@0+(@1)
                 	ORI  R30,LOW(@2)
                 	STS  @0+(@1),R30
                 	.ENDM
                 
                 	.MACRO __ORWMNN
                 	LDS  R30,@0+(@1)
                 	ORI  R30,LOW(@2)
                 	STS  @0+(@1),R30
                 	LDS  R30,@0+(@1)+1
                 	ORI  R30,HIGH(@2)
                 	STS  @0+(@1)+1,R30
                 	.ENDM
                 
                 	.MACRO __ORD1N
                 	ORI  R30,LOW(@0)
                 	ORI  R31,HIGH(@0)
                 	ORI  R22,BYTE3(@0)
                 	ORI  R23,BYTE4(@0)
                 	.ENDM
                 
                 	.MACRO __ORD2N
                 	ORI  R26,LOW(@0)
                 	ORI  R27,HIGH(@0)
                 	ORI  R24,BYTE3(@0)
                 	ORI  R25,BYTE4(@0)
                 	.ENDM
                 
                 	.MACRO __DELAY_USB
                 	LDI  R24,LOW(@0)
                 __DELAY_USB_LOOP:
                 	DEC  R24
                 	BRNE __DELAY_USB_LOOP
                 	.ENDM
                 
                 	.MACRO __DELAY_USW
                 	LDI  R24,LOW(@0)
                 	LDI  R25,HIGH(@0)
                 __DELAY_USW_LOOP:
                 	SBIW R24,1
                 	BRNE __DELAY_USW_LOOP
                 	.ENDM
                 
                 	.MACRO __GETD1S
                 	LDD  R30,Y+@0
                 	LDD  R31,Y+@0+1
                 	LDD  R22,Y+@0+2
                 	LDD  R23,Y+@0+3
                 	.ENDM
                 
                 	.MACRO __GETD2S
                 	LDD  R26,Y+@0
                 	LDD  R27,Y+@0+1
                 	LDD  R24,Y+@0+2
                 	LDD  R25,Y+@0+3
                 	.ENDM
                 
                 	.MACRO __PUTD1S
                 	STD  Y+@0,R30
                 	STD  Y+@0+1,R31
                 	STD  Y+@0+2,R22
                 	STD  Y+@0+3,R23
                 	.ENDM
                 
                 	.MACRO __PUTD2S
                 	STD  Y+@0,R26
                 	STD  Y+@0+1,R27
                 	STD  Y+@0+2,R24
                 	STD  Y+@0+3,R25
                 	.ENDM
                 
                 	.MACRO __PUTDZ2
                 	STD  Z+@0,R26
                 	STD  Z+@0+1,R27
                 	STD  Z+@0+2,R24
                 	STD  Z+@0+3,R25
                 	.ENDM
                 
                 	.MACRO __CLRD1S
                 	STD  Y+@0,R30
                 	STD  Y+@0+1,R30
                 	STD  Y+@0+2,R30
                 	STD  Y+@0+3,R30
                 	.ENDM
                 
                 	.MACRO __POINTB1MN
                 	LDI  R30,LOW(@0+(@1))
                 	.ENDM
                 
                 	.MACRO __POINTW1MN
                 	LDI  R30,LOW(@0+(@1))
                 	LDI  R31,HIGH(@0+(@1))
                 	.ENDM
                 
                 	.MACRO __POINTD1M
                 	LDI  R30,LOW(@0)
                 	LDI  R31,HIGH(@0)
                 	LDI  R22,BYTE3(@0)
                 	LDI  R23,BYTE4(@0)
                 	.ENDM
                 
                 	.MACRO __POINTW1FN
                 	LDI  R30,LOW(2*@0+(@1))
                 	LDI  R31,HIGH(2*@0+(@1))
                 	.ENDM
                 
                 	.MACRO __POINTD1FN
                 	LDI  R30,LOW(2*@0+(@1))
                 	LDI  R31,HIGH(2*@0+(@1))
                 	LDI  R22,BYTE3(2*@0+(@1))
                 	LDI  R23,BYTE4(2*@0+(@1))
                 	.ENDM
                 
                 	.MACRO __POINTB2MN
                 	LDI  R26,LOW(@0+(@1))
                 	.ENDM
                 
                 	.MACRO __POINTW2MN
                 	LDI  R26,LOW(@0+(@1))
                 	LDI  R27,HIGH(@0+(@1))
                 	.ENDM
                 
                 	.MACRO __POINTW2FN
                 	LDI  R26,LOW(2*@0+(@1))
                 	LDI  R27,HIGH(2*@0+(@1))
                 	.ENDM
                 
                 	.MACRO __POINTD2FN
                 	LDI  R26,LOW(2*@0+(@1))
                 	LDI  R27,HIGH(2*@0+(@1))
                 	LDI  R24,BYTE3(2*@0+(@1))
                 	LDI  R25,BYTE4(2*@0+(@1))
                 	.ENDM
                 
                 	.MACRO __POINTBRM
                 	LDI  R@0,LOW(@1)
                 	.ENDM
                 
                 	.MACRO __POINTWRM
                 	LDI  R@0,LOW(@2)
                 	LDI  R@1,HIGH(@2)
                 	.ENDM
                 
                 	.MACRO __POINTBRMN
                 	LDI  R@0,LOW(@1+(@2))
                 	.ENDM
                 
                 	.MACRO __POINTWRMN
                 	LDI  R@0,LOW(@2+(@3))
                 	LDI  R@1,HIGH(@2+(@3))
                 	.ENDM
                 
                 	.MACRO __POINTWRFN
                 	LDI  R@0,LOW(@2*2+(@3))
                 	LDI  R@1,HIGH(@2*2+(@3))
                 	.ENDM
                 
                 	.MACRO __GETD1N
                 	LDI  R30,LOW(@0)
                 	LDI  R31,HIGH(@0)
                 	LDI  R22,BYTE3(@0)
                 	LDI  R23,BYTE4(@0)
                 	.ENDM
                 
                 	.MACRO __GETD2N
                 	LDI  R26,LOW(@0)
                 	LDI  R27,HIGH(@0)
                 	LDI  R24,BYTE3(@0)
                 	LDI  R25,BYTE4(@0)
                 	.ENDM
                 
                 	.MACRO __GETB1MN
                 	LDS  R30,@0+(@1)
                 	.ENDM
                 
                 	.MACRO __GETB1HMN
                 	LDS  R31,@0+(@1)
                 	.ENDM
                 
                 	.MACRO __GETW1MN
                 	LDS  R30,@0+(@1)
                 	LDS  R31,@0+(@1)+1
                 	.ENDM
                 
                 	.MACRO __GETD1MN
                 	LDS  R30,@0+(@1)
                 	LDS  R31,@0+(@1)+1
                 	LDS  R22,@0+(@1)+2
                 	LDS  R23,@0+(@1)+3
                 	.ENDM
                 
                 	.MACRO __GETBRMN
                 	LDS  R@0,@1+(@2)
                 	.ENDM
                 
                 	.MACRO __GETWRMN
                 	LDS  R@0,@2+(@3)
                 	LDS  R@1,@2+(@3)+1
                 	.ENDM
                 
                 	.MACRO __GETWRZ
                 	LDD  R@0,Z+@2
                 	LDD  R@1,Z+@2+1
                 	.ENDM
                 
                 	.MACRO __GETD2Z
                 	LDD  R26,Z+@0
                 	LDD  R27,Z+@0+1
                 	LDD  R24,Z+@0+2
                 	LDD  R25,Z+@0+3
                 	.ENDM
                 
                 	.MACRO __GETB2MN
                 	LDS  R26,@0+(@1)
                 	.ENDM
                 
                 	.MACRO __GETW2MN
                 	LDS  R26,@0+(@1)
                 	LDS  R27,@0+(@1)+1
                 	.ENDM
                 
                 	.MACRO __GETD2MN
                 	LDS  R26,@0+(@1)
                 	LDS  R27,@0+(@1)+1
                 	LDS  R24,@0+(@1)+2
                 	LDS  R25,@0+(@1)+3
                 	.ENDM
                 
                 	.MACRO __PUTB1MN
                 	STS  @0+(@1),R30
                 	.ENDM
                 
                 	.MACRO __PUTW1MN
                 	STS  @0+(@1),R30
                 	STS  @0+(@1)+1,R31
                 	.ENDM
                 
                 	.MACRO __PUTD1MN
                 	STS  @0+(@1),R30
                 	STS  @0+(@1)+1,R31
                 	STS  @0+(@1)+2,R22
                 	STS  @0+(@1)+3,R23
                 	.ENDM
                 
                 	.MACRO __PUTB1EN
                 	LDI  R26,LOW(@0+(@1))
                 	LDI  R27,HIGH(@0+(@1))
                 	CALL __EEPROMWRB
                 	.ENDM
                 
                 	.MACRO __PUTW1EN
                 	LDI  R26,LOW(@0+(@1))
                 	LDI  R27,HIGH(@0+(@1))
                 	CALL __EEPROMWRW
                 	.ENDM
                 
                 	.MACRO __PUTD1EN
                 	LDI  R26,LOW(@0+(@1))
                 	LDI  R27,HIGH(@0+(@1))
                 	CALL __EEPROMWRD
                 	.ENDM
                 
                 	.MACRO __PUTBR0MN
                 	STS  @0+(@1),R0
                 	.ENDM
                 
                 	.MACRO __PUTBMRN
                 	STS  @0+(@1),R@2
                 	.ENDM
                 
                 	.MACRO __PUTWMRN
                 	STS  @0+(@1),R@2
                 	STS  @0+(@1)+1,R@3
                 	.ENDM
                 
                 	.MACRO __PUTBZR
                 	STD  Z+@1,R@0
                 	.ENDM
                 
                 	.MACRO __PUTWZR
                 	STD  Z+@2,R@0
                 	STD  Z+@2+1,R@1
                 	.ENDM
                 
                 	.MACRO __GETW1R
                 	MOV  R30,R@0
                 	MOV  R31,R@1
                 	.ENDM
                 
                 	.MACRO __GETW2R
                 	MOV  R26,R@0
                 	MOV  R27,R@1
                 	.ENDM
                 
                 	.MACRO __GETWRN
                 	LDI  R@0,LOW(@2)
                 	LDI  R@1,HIGH(@2)
                 	.ENDM
                 
                 	.MACRO __PUTW1R
                 	MOV  R@0,R30
                 	MOV  R@1,R31
                 	.ENDM
                 
                 	.MACRO __PUTW2R
                 	MOV  R@0,R26
                 	MOV  R@1,R27
                 	.ENDM
                 
                 	.MACRO __ADDWRN
                 	SUBI R@0,LOW(-@2)
                 	SBCI R@1,HIGH(-@2)
                 	.ENDM
                 
                 	.MACRO __ADDWRR
                 	ADD  R@0,R@2
                 	ADC  R@1,R@3
                 	.ENDM
                 
                 	.MACRO __SUBWRN
                 	SUBI R@0,LOW(@2)
                 	SBCI R@1,HIGH(@2)
                 	.ENDM
                 
                 	.MACRO __SUBWRR
                 	SUB  R@0,R@2
                 	SBC  R@1,R@3
                 	.ENDM
                 
                 	.MACRO __ANDWRN
                 	ANDI R@0,LOW(@2)
                 	ANDI R@1,HIGH(@2)
                 	.ENDM
                 
                 	.MACRO __ANDWRR
                 	AND  R@0,R@2
                 	AND  R@1,R@3
                 	.ENDM
                 
                 	.MACRO __ORWRN
                 	ORI  R@0,LOW(@2)
                 	ORI  R@1,HIGH(@2)
                 	.ENDM
                 
                 	.MACRO __ORWRR
                 	OR   R@0,R@2
                 	OR   R@1,R@3
                 	.ENDM
                 
                 	.MACRO __EORWRR
                 	EOR  R@0,R@2
                 	EOR  R@1,R@3
                 	.ENDM
                 
                 	.MACRO __GETWRS
                 	LDD  R@0,Y+@2
                 	LDD  R@1,Y+@2+1
                 	.ENDM
                 
                 	.MACRO __PUTBSR
                 	STD  Y+@1,R@0
                 	.ENDM
                 
                 	.MACRO __PUTWSR
                 	STD  Y+@2,R@0
                 	STD  Y+@2+1,R@1
                 	.ENDM
                 
                 	.MACRO __MOVEWRR
                 	MOV  R@0,R@2
                 	MOV  R@1,R@3
                 	.ENDM
                 
                 	.MACRO __INWR
                 	IN   R@0,@2
                 	IN   R@1,@2+1
                 	.ENDM
                 
                 	.MACRO __OUTWR
                 	OUT  @2+1,R@1
                 	OUT  @2,R@0
                 	.ENDM
                 
                 	.MACRO __CALL1MN
                 	LDS  R30,@0+(@1)
                 	LDS  R31,@0+(@1)+1
                 	ICALL
                 	.ENDM
                 
                 	.MACRO __CALL1FN
                 	LDI  R30,LOW(2*@0+(@1))
                 	LDI  R31,HIGH(2*@0+(@1))
                 	CALL __GETW1PF
                 	ICALL
                 	.ENDM
                 
                 	.MACRO __CALL2EN
                 	PUSH R26
                 	PUSH R27
                 	LDI  R26,LOW(@0+(@1))
                 	LDI  R27,HIGH(@0+(@1))
                 	CALL __EEPROMRDW
                 	POP  R27
                 	POP  R26
                 	ICALL
                 	.ENDM
                 
                 	.MACRO __CALL2EX
                 	SUBI R26,LOW(-@0)
                 	SBCI R27,HIGH(-@0)
                 	CALL __EEPROMRDD
                 	ICALL
                 	.ENDM
                 
                 	.MACRO __GETW1STACK
                 	IN   R30,SPL
                 	IN   R31,SPH
                 	ADIW R30,@0+1
                 	LD   R0,Z+
                 	LD   R31,Z
                 	MOV  R30,R0
                 	.ENDM
                 
                 	.MACRO __GETD1STACK
                 	IN   R30,SPL
                 	IN   R31,SPH
                 	ADIW R30,@0+1
                 	LD   R0,Z+
                 	LD   R1,Z+
                 	LD   R22,Z
                 	MOVW R30,R0
                 	.ENDM
                 
                 	.MACRO __NBST
                 	BST  R@0,@1
                 	IN   R30,SREG
                 	LDI  R31,0x40
                 	EOR  R30,R31
                 	OUT  SREG,R30
                 	.ENDM
                 
                 
                 	.MACRO __PUTB1SN
                 	LDD  R26,Y+@0
                 	LDD  R27,Y+@0+1
                 	SUBI R26,LOW(-@1)
                 	SBCI R27,HIGH(-@1)
                 	ST   X,R30
                 	.ENDM
                 
                 	.MACRO __PUTW1SN
                 	LDD  R26,Y+@0
                 	LDD  R27,Y+@0+1
                 	SUBI R26,LOW(-@1)
                 	SBCI R27,HIGH(-@1)
                 	ST   X+,R30
                 	ST   X,R31
                 	.ENDM
                 
                 	.MACRO __PUTD1SN
                 	LDD  R26,Y+@0
                 	LDD  R27,Y+@0+1
                 	SUBI R26,LOW(-@1)
                 	SBCI R27,HIGH(-@1)
                 	CALL __PUTDP1
                 	.ENDM
                 
                 	.MACRO __PUTB1SNS
                 	LDD  R26,Y+@0
                 	LDD  R27,Y+@0+1
                 	ADIW R26,@1
                 	ST   X,R30
                 	.ENDM
                 
                 	.MACRO __PUTW1SNS
                 	LDD  R26,Y+@0
                 	LDD  R27,Y+@0+1
                 	ADIW R26,@1
                 	ST   X+,R30
                 	ST   X,R31
                 	.ENDM
                 
                 	.MACRO __PUTD1SNS
                 	LDD  R26,Y+@0
                 	LDD  R27,Y+@0+1
                 	ADIW R26,@1
                 	CALL __PUTDP1
                 	.ENDM
                 
                 	.MACRO __PUTB1PMN
                 	LDS  R26,@0
                 	LDS  R27,@0+1
                 	SUBI R26,LOW(-@1)
                 	SBCI R27,HIGH(-@1)
                 	ST   X,R30
                 	.ENDM
                 
                 	.MACRO __PUTW1PMN
                 	LDS  R26,@0
                 	LDS  R27,@0+1
                 	SUBI R26,LOW(-@1)
                 	SBCI R27,HIGH(-@1)
                 	ST   X+,R30
                 	ST   X,R31
                 	.ENDM
                 
                 	.MACRO __PUTD1PMN
                 	LDS  R26,@0
                 	LDS  R27,@0+1
                 	SUBI R26,LOW(-@1)
                 	SBCI R27,HIGH(-@1)
                 	CALL __PUTDP1
                 	.ENDM
                 
                 	.MACRO __PUTB1PMNS
                 	LDS  R26,@0
                 	LDS  R27,@0+1
                 	ADIW R26,@1
                 	ST   X,R30
                 	.ENDM
                 
                 	.MACRO __PUTW1PMNS
                 	LDS  R26,@0
                 	LDS  R27,@0+1
                 	ADIW R26,@1
                 	ST   X+,R30
                 	ST   X,R31
                 	.ENDM
                 
                 	.MACRO __PUTD1PMNS
                 	LDS  R26,@0
                 	LDS  R27,@0+1
                 	ADIW R26,@1
                 	CALL __PUTDP1
                 	.ENDM
                 
                 	.MACRO __PUTB1RN
                 	MOVW R26,R@0
                 	SUBI R26,LOW(-@1)
                 	SBCI R27,HIGH(-@1)
                 	ST   X,R30
                 	.ENDM
                 
                 	.MACRO __PUTW1RN
                 	MOVW R26,R@0
                 	SUBI R26,LOW(-@1)
                 	SBCI R27,HIGH(-@1)
                 	ST   X+,R30
                 	ST   X,R31
                 	.ENDM
                 
                 	.MACRO __PUTD1RN
                 	MOVW R26,R@0
                 	SUBI R26,LOW(-@1)
                 	SBCI R27,HIGH(-@1)
                 	CALL __PUTDP1
                 	.ENDM
                 
                 	.MACRO __PUTB1RNS
                 	MOVW R26,R@0
                 	ADIW R26,@1
                 	ST   X,R30
                 	.ENDM
                 
                 	.MACRO __PUTW1RNS
                 	MOVW R26,R@0
                 	ADIW R26,@1
                 	ST   X+,R30
                 	ST   X,R31
                 	.ENDM
                 
                 	.MACRO __PUTD1RNS
                 	MOVW R26,R@0
                 	ADIW R26,@1
                 	CALL __PUTDP1
                 	.ENDM
                 
                 	.MACRO __PUTB1RON
                 	MOV  R26,R@0
                 	MOV  R27,R@1
                 	SUBI R26,LOW(-@2)
                 	SBCI R27,HIGH(-@2)
                 	ST   X,R30
                 	.ENDM
                 
                 	.MACRO __PUTW1RON
                 	MOV  R26,R@0
                 	MOV  R27,R@1
                 	SUBI R26,LOW(-@2)
                 	SBCI R27,HIGH(-@2)
                 	ST   X+,R30
                 	ST   X,R31
                 	.ENDM
                 
                 	.MACRO __PUTD1RON
                 	MOV  R26,R@0
                 	MOV  R27,R@1
                 	SUBI R26,LOW(-@2)
                 	SBCI R27,HIGH(-@2)
                 	CALL __PUTDP1
                 	.ENDM
                 
                 	.MACRO __PUTB1RONS
                 	MOV  R26,R@0
                 	MOV  R27,R@1
                 	ADIW R26,@2
                 	ST   X,R30
                 	.ENDM
                 
                 	.MACRO __PUTW1RONS
                 	MOV  R26,R@0
                 	MOV  R27,R@1
                 	ADIW R26,@2
                 	ST   X+,R30
                 	ST   X,R31
                 	.ENDM
                 
                 	.MACRO __PUTD1RONS
                 	MOV  R26,R@0
                 	MOV  R27,R@1
                 	ADIW R26,@2
                 	CALL __PUTDP1
                 	.ENDM
                 
                 
                 	.MACRO __GETB1SX
                 	MOVW R30,R28
                 	SUBI R30,LOW(-@0)
                 	SBCI R31,HIGH(-@0)
                 	LD   R30,Z
                 	.ENDM
                 
                 	.MACRO __GETB1HSX
                 	MOVW R30,R28
                 	SUBI R30,LOW(-@0)
                 	SBCI R31,HIGH(-@0)
                 	LD   R31,Z
                 	.ENDM
                 
                 	.MACRO __GETW1SX
                 	MOVW R30,R28
                 	SUBI R30,LOW(-@0)
                 	SBCI R31,HIGH(-@0)
                 	LD   R0,Z+
                 	LD   R31,Z
                 	MOV  R30,R0
                 	.ENDM
                 
                 	.MACRO __GETD1SX
                 	MOVW R30,R28
                 	SUBI R30,LOW(-@0)
                 	SBCI R31,HIGH(-@0)
                 	LD   R0,Z+
                 	LD   R1,Z+
                 	LD   R22,Z+
                 	LD   R23,Z
                 	MOVW R30,R0
                 	.ENDM
                 
                 	.MACRO __GETB2SX
                 	MOVW R26,R28
                 	SUBI R26,LOW(-@0)
                 	SBCI R27,HIGH(-@0)
                 	LD   R26,X
                 	.ENDM
                 
                 	.MACRO __GETW2SX
                 	MOVW R26,R28
                 	SUBI R26,LOW(-@0)
                 	SBCI R27,HIGH(-@0)
                 	LD   R0,X+
                 	LD   R27,X
                 	MOV  R26,R0
                 	.ENDM
                 
                 	.MACRO __GETD2SX
                 	MOVW R26,R28
                 	SUBI R26,LOW(-@0)
                 	SBCI R27,HIGH(-@0)
                 	LD   R0,X+
                 	LD   R1,X+
                 	LD   R24,X+
                 	LD   R25,X
                 	MOVW R26,R0
                 	.ENDM
                 
                 	.MACRO __GETBRSX
                 	MOVW R30,R28
                 	SUBI R30,LOW(-@1)
                 	SBCI R31,HIGH(-@1)
                 	LD   R@0,Z
                 	.ENDM
                 
                 	.MACRO __GETWRSX
                 	MOVW R30,R28
                 	SUBI R30,LOW(-@2)
                 	SBCI R31,HIGH(-@2)
                 	LD   R@0,Z+
                 	LD   R@1,Z
                 	.ENDM
                 
                 	.MACRO __GETBRSX2
                 	MOVW R26,R28
                 	SUBI R26,LOW(-@1)
                 	SBCI R27,HIGH(-@1)
                 	LD   R@0,X
                 	.ENDM
                 
                 	.MACRO __GETWRSX2
                 	MOVW R26,R28
                 	SUBI R26,LOW(-@2)
                 	SBCI R27,HIGH(-@2)
                 	LD   R@0,X+
                 	LD   R@1,X
                 	.ENDM
                 
                 	.MACRO __LSLW8SX
                 	MOVW R30,R28
                 	SUBI R30,LOW(-@0)
                 	SBCI R31,HIGH(-@0)
                 	LD   R31,Z
                 	CLR  R30
                 	.ENDM
                 
                 	.MACRO __PUTB1SX
                 	MOVW R26,R28
                 	SUBI R26,LOW(-@0)
                 	SBCI R27,HIGH(-@0)
                 	ST   X,R30
                 	.ENDM
                 
                 	.MACRO __PUTW1SX
                 	MOVW R26,R28
                 	SUBI R26,LOW(-@0)
                 	SBCI R27,HIGH(-@0)
                 	ST   X+,R30
                 	ST   X,R31
                 	.ENDM
                 
                 	.MACRO __PUTD1SX
                 	MOVW R26,R28
                 	SUBI R26,LOW(-@0)
                 	SBCI R27,HIGH(-@0)
                 	ST   X+,R30
                 	ST   X+,R31
                 	ST   X+,R22
                 	ST   X,R23
                 	.ENDM
                 
                 	.MACRO __CLRW1SX
                 	MOVW R26,R28
                 	SUBI R26,LOW(-@0)
                 	SBCI R27,HIGH(-@0)
                 	ST   X+,R30
                 	ST   X,R30
                 	.ENDM
                 
                 	.MACRO __CLRD1SX
                 	MOVW R26,R28
                 	SUBI R26,LOW(-@0)
                 	SBCI R27,HIGH(-@0)
                 	ST   X+,R30
                 	ST   X+,R30
                 	ST   X+,R30
                 	ST   X,R30
                 	.ENDM
                 
                 	.MACRO __PUTB2SX
                 	MOVW R30,R28
                 	SUBI R30,LOW(-@0)
                 	SBCI R31,HIGH(-@0)
                 	ST   Z,R26
                 	.ENDM
                 
                 	.MACRO __PUTW2SX
                 	MOVW R30,R28
                 	SUBI R30,LOW(-@0)
                 	SBCI R31,HIGH(-@0)
                 	ST   Z+,R26
                 	ST   Z,R27
                 	.ENDM
                 
                 	.MACRO __PUTD2SX
                 	MOVW R30,R28
                 	SUBI R30,LOW(-@0)
                 	SBCI R31,HIGH(-@0)
                 	ST   Z+,R26
                 	ST   Z+,R27
                 	ST   Z+,R24
                 	ST   Z,R25
                 	.ENDM
                 
                 	.MACRO __PUTBSRX
                 	MOVW R30,R28
                 	SUBI R30,LOW(-@1)
                 	SBCI R31,HIGH(-@1)
                 	ST   Z,R@0
                 	.ENDM
                 
                 	.MACRO __PUTWSRX
                 	MOVW R30,R28
                 	SUBI R30,LOW(-@2)
                 	SBCI R31,HIGH(-@2)
                 	ST   Z+,R@0
                 	ST   Z,R@1
                 	.ENDM
                 
                 	.MACRO __PUTB1SNX
                 	MOVW R26,R28
                 	SUBI R26,LOW(-@0)
                 	SBCI R27,HIGH(-@0)
                 	LD   R0,X+
                 	LD   R27,X
                 	MOV  R26,R0
                 	SUBI R26,LOW(-@1)
                 	SBCI R27,HIGH(-@1)
                 	ST   X,R30
                 	.ENDM
                 
                 	.MACRO __PUTW1SNX
                 	MOVW R26,R28
                 	SUBI R26,LOW(-@0)
                 	SBCI R27,HIGH(-@0)
                 	LD   R0,X+
                 	LD   R27,X
                 	MOV  R26,R0
                 	SUBI R26,LOW(-@1)
                 	SBCI R27,HIGH(-@1)
                 	ST   X+,R30
                 	ST   X,R31
                 	.ENDM
                 
                 	.MACRO __PUTD1SNX
                 	MOVW R26,R28
                 	SUBI R26,LOW(-@0)
                 	SBCI R27,HIGH(-@0)
                 	LD   R0,X+
                 	LD   R27,X
                 	MOV  R26,R0
                 	SUBI R26,LOW(-@1)
                 	SBCI R27,HIGH(-@1)
                 	ST   X+,R30
                 	ST   X+,R31
                 	ST   X+,R22
                 	ST   X,R23
                 	.ENDM
                 
                 	.MACRO __MULBRR
                 	MULS R@0,R@1
                 	MOVW R30,R0
                 	.ENDM
                 
                 	.MACRO __MULBRRU
                 	MUL  R@0,R@1
                 	MOVW R30,R0
                 	.ENDM
                 
                 	.MACRO __MULBRR0
                 	MULS R@0,R@1
                 	.ENDM
                 
                 	.MACRO __MULBRRU0
                 	MUL  R@0,R@1
                 	.ENDM
                 
                 	.MACRO __MULBNWRU
                 	LDI  R26,@2
                 	MUL  R26,R@0
                 	MOVW R30,R0
                 	MUL  R26,R@1
                 	ADD  R31,R0
                 	.ENDM
                 
                 ;NAME DEFINITIONS FOR GLOBAL VARIABLES ALLOCATED TO REGISTERS
                 	.DEF __lcd_x=R5
                 	.DEF __lcd_y=R4
                 	.DEF __lcd_maxx=R7
                 
                 	.CSEG
                 	.ORG 0x00
                 
                 ;START OF CODE MARKER
                 __START_OF_CODE:
                 
                 ;INTERRUPT VECTORS
000000 940c 004d 	JMP  __RESET
000002 940c 0000 	JMP  0x00
000004 940c 0000 	JMP  0x00
000006 940c 0000 	JMP  0x00
000008 940c 0000 	JMP  0x00
00000a 940c 0000 	JMP  0x00
00000c 940c 0000 	JMP  0x00
00000e 940c 0000 	JMP  0x00
000010 940c 0000 	JMP  0x00
000012 940c 0000 	JMP  0x00
000014 940c 0000 	JMP  0x00
000016 940c 0000 	JMP  0x00
000018 940c 0000 	JMP  0x00
00001a 940c 0000 	JMP  0x00
00001c 940c 0000 	JMP  0x00
00001e 940c 0000 	JMP  0x00
000020 940c 0000 	JMP  0x00
000022 940c 0000 	JMP  0x00
000024 940c 0000 	JMP  0x00
000026 940c 0000 	JMP  0x00
000028 940c 0000 	JMP  0x00
                 
                 _char0:
00002a 0907
00002b 1f01
00002c 0a00
00002d 0004      	.DB  0x7,0x9,0x1,0x1F,0x0,0xA,0x4,0x0
                 _char1:
00002e 0a04
00002f 0915
000030 0016
000031 0000      	.DB  0x4,0xA,0x15,0x9,0x16,0x0,0x0,0x0
                 _char2:
000032 0202
000033 0202
000034 0003
000035 0000      	.DB  0x2,0x2,0x2,0x2,0x3,0x0,0x0,0x0
                 _char3:
000036 0102
000037 0402
000038 0018
000039 0000      	.DB  0x2,0x1,0x2,0x4,0x18,0x0,0x0,0x0
                 
                 _0x0:
00003a 0037
00003b 0038
00003c 0039
00003d 002f      	.DB  0x37,0x0,0x38,0x0,0x39,0x0,0x2F,0x0
00003e 0035
00003f 0036
000040 002a
000041 0031      	.DB  0x35,0x0,0x36,0x0,0x2A,0x0,0x31,0x0
000042 0032
000043 0033
000044 002d
000045 0030      	.DB  0x32,0x0,0x33,0x0,0x2D,0x0,0x30,0x0
000046 003d
000047 002b      	.DB  0x3D,0x0,0x2B,0x0
                 _0x2000003:
000048 c080      	.DB  0x80,0xC0
                 
                 __GLOBAL_INI_TBL:
000049 0002      	.DW  0x02
00004a 0160      	.DW  __base_y_G100
00004b 0090      	.DW  _0x2000003*2
                 
                 _0xFFFFFFFF:
00004c 0000      	.DW  0
                 
                 #define __GLOBAL_INI_TBL_PRESENT 1
                 
                 __RESET:
00004d 94f8      	CLI
00004e 27ee      	CLR  R30
00004f bbec      	OUT  EECR,R30
                 
                 ;INTERRUPT VECTORS ARE PLACED
                 ;AT THE START OF FLASH
000050 e0f1      	LDI  R31,1
000051 bffb      	OUT  GICR,R31
000052 bfeb      	OUT  GICR,R30
000053 bfe5      	OUT  MCUCR,R30
                 
                 ;CLEAR R2-R14
000054 e08d      	LDI  R24,(14-2)+1
000055 e0a2      	LDI  R26,2
000056 27bb      	CLR  R27
                 __CLEAR_REG:
000057 93ed      	ST   X+,R30
000058 958a      	DEC  R24
000059 f7e9      	BRNE __CLEAR_REG
                 
                 ;CLEAR SRAM
00005a e080      	LDI  R24,LOW(__CLEAR_SRAM_SIZE)
00005b e094      	LDI  R25,HIGH(__CLEAR_SRAM_SIZE)
00005c e6a0      	LDI  R26,__SRAM_START
                 __CLEAR_SRAM:
00005d 93ed      	ST   X+,R30
00005e 9701      	SBIW R24,1
00005f f7e9      	BRNE __CLEAR_SRAM
                 
                 ;GLOBAL VARIABLES INITIALIZATION
000060 e9e2      	LDI  R30,LOW(__GLOBAL_INI_TBL*2)
000061 e0f0      	LDI  R31,HIGH(__GLOBAL_INI_TBL*2)
                 __GLOBAL_INI_NEXT:
000062 9185      	LPM  R24,Z+
000063 9195      	LPM  R25,Z+
000064 9700      	SBIW R24,0
000065 f061      	BREQ __GLOBAL_INI_END
000066 91a5      	LPM  R26,Z+
000067 91b5      	LPM  R27,Z+
000068 9005      	LPM  R0,Z+
000069 9015      	LPM  R1,Z+
00006a 01bf      	MOVW R22,R30
00006b 01f0      	MOVW R30,R0
                 __GLOBAL_INI_LOOP:
00006c 9005      	LPM  R0,Z+
00006d 920d      	ST   X+,R0
00006e 9701      	SBIW R24,1
00006f f7e1      	BRNE __GLOBAL_INI_LOOP
000070 01fb      	MOVW R30,R22
000071 cff0      	RJMP __GLOBAL_INI_NEXT
                 __GLOBAL_INI_END:
                 
                 ;HARDWARE STACK POINTER INITIALIZATION
000072 e5ef      	LDI  R30,LOW(__SRAM_END-__HEAP_SIZE)
000073 bfed      	OUT  SPL,R30
000074 e0e4      	LDI  R30,HIGH(__SRAM_END-__HEAP_SIZE)
000075 bfee      	OUT  SPH,R30
                 
                 ;DATA STACK POINTER INITIALIZATION
000076 e6c0      	LDI  R28,LOW(__SRAM_START+__DSTACK_SIZE)
000077 e0d1      	LDI  R29,HIGH(__SRAM_START+__DSTACK_SIZE)
                 
000078 940c 0096 	JMP  _main
                 
                 	.ESEG
                 	.ORG 0
                 
                 	.DSEG
                 	.ORG 0x160
                 
                 	.CSEG
                 ;/*******************************************************
                 ;This program was created by the
                 ;CodeWizardAVR V3.12 Advanced
                 ;Automatic Program Generator
                 ;© Copyright 1998-2014 Pavel Haiduc, HP InfoTech s.r.l.
                 ;http://www.hpinfotech.com
                 ;
                 ;Project :
                 ;Version :
                 ;Date    : 12/6/2020
                 ;Author  :
                 ;Company :
                 ;Comments:
                 ;
                 ;
                 ;Chip type               : ATmega16
                 ;Program type            : Application
                 ;AVR Core Clock frequency: 8.000000 MHz
                 ;Memory model            : Small
                 ;External RAM size       : 0
                 ;Data Stack size         : 256
                 ;*******************************************************/
                 ;
                 ;#include <mega16.h>
                 	#ifndef __SLEEP_DEFINED__
                 	#define __SLEEP_DEFINED__
                 	.EQU __se_bit=0x40
                 	.EQU __sm_mask=0xB0
                 	.EQU __sm_powerdown=0x20
                 	.EQU __sm_powersave=0x30
                 	.EQU __sm_standby=0xA0
                 	.EQU __sm_ext_standby=0xB0
                 	.EQU __sm_adc_noise_red=0x10
                 	.SET power_ctrl_reg=mcucr
                 	#endif
                 ;#asm
                  .equ __lcd_port=0x1B;
                 ; 0000 001B #endasm
                 ;#include <delay.h>
                 ;// Alphanumeric LCD functions
                 ;#include <alcd.h>
                 ;
                 ;typedef unsigned char byte;
                 ;//--ch:
                 ;flash byte char0[8]={7,9,1,31,0,10,4,0};
                 ;//--H:
                 ;flash byte char1[8]={4,10,21,9,22,0,0,0};
                 ;//--A:
                 ;flash byte char2[8]={2,2,2,2,3,0,0,0};
                 ;//--R:
                 ;flash byte char3[8]={2,1,2,4,24,0,0,0};
                 ;
                 ;void define_char(byte flash *pc,byte char_code){
                 ; 0000 002A void define_char(byte flash *pc,byte char_code){
                 
                 	.CSEG
                 _define_char:
                 ; .FSTART _define_char
                 ; 0000 002B byte i,a;
                 ; 0000 002C a=(char_code<<3)|0x40;
00007a 93aa      	ST   -Y,R26
00007b 931a      	ST   -Y,R17
00007c 930a      	ST   -Y,R16
                 ;	*pc -> Y+3
                 ;	char_code -> Y+2
                 ;	i -> R17
                 ;	a -> R16
00007d 81ea      	LDD  R30,Y+2
00007e 0fee      	LSL  R30
00007f 0fee      	LSL  R30
000080 0fee      	LSL  R30
000081 64e0      	ORI  R30,0x40
000082 2f0e      	MOV  R16,R30
                 ; 0000 002D for(i=0; i<8; i++) lcd_write_byte(a++, *pc++);
000083 e010      	LDI  R17,LOW(0)
                 _0x4:
000084 3018      	CPI  R17,8
000085 f460      	BRSH _0x5
000086 930a      	ST   -Y,R16
000087 9503      	INC  R16
000088 81ec      	LDD  R30,Y+4
000089 81fd      	LDD  R31,Y+4+1
00008a 9631      	ADIW R30,1
00008b 83ec      	STD  Y+4,R30
00008c 83fd      	STD  Y+4+1,R31
00008d 9731      	SBIW R30,1
00008e 91a4      	LPM  R26,Z
00008f d0e2      	RCALL _lcd_write_byte
000090 5f1f      	SUBI R17,-1
000091 cff2      	RJMP _0x4
                 _0x5:
                 ; 0000 002E }
000092 8119      	LDD  R17,Y+1
000093 8108      	LDD  R16,Y+0
000094 9625      	ADIW R28,5
000095 9508      	RET
                 ; .FEND
                 ;// Declare your global variables here
                 ;
                 ;void main(void)
                 ; 0000 0032 {
                 _main:
                 ; .FSTART _main
                 ; 0000 0033 // Declare your local variables here
                 ; 0000 0034 
                 ; 0000 0035 // Input/Output Ports initialization
                 ; 0000 0036 // Port A initialization
                 ; 0000 0037 // Function: Bit7=In Bit6=In Bit5=In Bit4=In Bit3=In Bit2=In Bit1=In Bit0=In
                 ; 0000 0038 DDRA=(0<<DDA7) | (0<<DDA6) | (0<<DDA5) | (0<<DDA4) | (0<<DDA3) | (0<<DDA2) | (0<<DDA1) | (0<<DDA0);
000096 e0e0      	LDI  R30,LOW(0)
000097 bbea      	OUT  0x1A,R30
                 ; 0000 0039 // State: Bit7=T Bit6=T Bit5=T Bit4=T Bit3=T Bit2=T Bit1=T Bit0=T
                 ; 0000 003A PORTA=(0<<PORTA7) | (0<<PORTA6) | (0<<PORTA5) | (0<<PORTA4) | (0<<PORTA3) | (0<<PORTA2) | (0<<PORTA1) | (0<<PORTA0);
000098 bbeb      	OUT  0x1B,R30
                 ; 0000 003B 
                 ; 0000 003C // Port B initialization
                 ; 0000 003D // Function: Bit7=In Bit6=In Bit5=In Bit4=In Bit3=In Bit2=In Bit1=In Bit0=In
                 ; 0000 003E DDRB=(0<<DDB7) | (0<<DDB6) | (0<<DDB5) | (0<<DDB4) | (0<<DDB3) | (0<<DDB2) | (0<<DDB1) | (0<<DDB0);
000099 bbe7      	OUT  0x17,R30
                 ; 0000 003F // State: Bit7=T Bit6=T Bit5=T Bit4=T Bit3=T Bit2=T Bit1=T Bit0=T
                 ; 0000 0040 PORTB=(0<<PORTB7) | (0<<PORTB6) | (0<<PORTB5) | (0<<PORTB4) | (0<<PORTB3) | (0<<PORTB2) | (0<<PORTB1) | (0<<PORTB0);
00009a bbe8      	OUT  0x18,R30
                 ; 0000 0041 
                 ; 0000 0042 // Port C initialization
                 ; 0000 0043 // Function: Bit7=In Bit6=In Bit5=In Bit4=In Bit3=In Bit2=In Bit1=In Bit0=In
                 ; 0000 0044 DDRC=(0<<DDC7) | (0<<DDC6) | (0<<DDC5) | (0<<DDC4) | (0<<DDC3) | (0<<DDC2) | (0<<DDC1) | (0<<DDC0);
00009b bbe4      	OUT  0x14,R30
                 ; 0000 0045 // State: Bit7=T Bit6=T Bit5=T Bit4=T Bit3=T Bit2=T Bit1=T Bit0=T
                 ; 0000 0046 PORTC=(0<<PORTC7) | (0<<PORTC6) | (0<<PORTC5) | (0<<PORTC4) | (0<<PORTC3) | (0<<PORTC2) | (0<<PORTC1) | (0<<PORTC0);
00009c bbe5      	OUT  0x15,R30
                 ; 0000 0047 
                 ; 0000 0048 // Port D initialization
                 ; 0000 0049 // Function: Bit7=In Bit6=In Bit5=In Bit4=In Bit3=In Bit2=In Bit1=In Bit0=In
                 ; 0000 004A DDRD=(0<<DDD7) | (0<<DDD6) | (0<<DDD5) | (0<<DDD4) | (0<<DDD3) | (0<<DDD2) | (0<<DDD1) | (0<<DDD0);
00009d bbe1      	OUT  0x11,R30
                 ; 0000 004B // State: Bit7=T Bit6=T Bit5=T Bit4=T Bit3=T Bit2=T Bit1=T Bit0=T
                 ; 0000 004C PORTD=(0<<PORTD7) | (0<<PORTD6) | (0<<PORTD5) | (0<<PORTD4) | (0<<PORTD3) | (0<<PORTD2) | (0<<PORTD1) | (0<<PORTD0);
00009e bbe2      	OUT  0x12,R30
                 ; 0000 004D 
                 ; 0000 004E // Timer/Counter 0 initialization
                 ; 0000 004F // Clock source: System Clock
                 ; 0000 0050 // Clock value: Timer 0 Stopped
                 ; 0000 0051 // Mode: Normal top=0xFF
                 ; 0000 0052 // OC0 output: Disconnected
                 ; 0000 0053 TCCR0=(0<<WGM00) | (0<<COM01) | (0<<COM00) | (0<<WGM01) | (0<<CS02) | (0<<CS01) | (0<<CS00);
00009f bfe3      	OUT  0x33,R30
                 ; 0000 0054 TCNT0=0x00;
0000a0 bfe2      	OUT  0x32,R30
                 ; 0000 0055 OCR0=0x00;
0000a1 bfec      	OUT  0x3C,R30
                 ; 0000 0056 
                 ; 0000 0057 // Timer/Counter 1 initialization
                 ; 0000 0058 // Clock source: System Clock
                 ; 0000 0059 // Clock value: Timer1 Stopped
                 ; 0000 005A // Mode: Normal top=0xFFFF
                 ; 0000 005B // OC1A output: Disconnected
                 ; 0000 005C // OC1B output: Disconnected
                 ; 0000 005D // Noise Canceler: Off
                 ; 0000 005E // Input Capture on Falling Edge
                 ; 0000 005F // Timer1 Overflow Interrupt: Off
                 ; 0000 0060 // Input Capture Interrupt: Off
                 ; 0000 0061 // Compare A Match Interrupt: Off
                 ; 0000 0062 // Compare B Match Interrupt: Off
                 ; 0000 0063 TCCR1A=(0<<COM1A1) | (0<<COM1A0) | (0<<COM1B1) | (0<<COM1B0) | (0<<WGM11) | (0<<WGM10);
0000a2 bdef      	OUT  0x2F,R30
                 ; 0000 0064 TCCR1B=(0<<ICNC1) | (0<<ICES1) | (0<<WGM13) | (0<<WGM12) | (0<<CS12) | (0<<CS11) | (0<<CS10);
0000a3 bdee      	OUT  0x2E,R30
                 ; 0000 0065 TCNT1H=0x00;
0000a4 bded      	OUT  0x2D,R30
                 ; 0000 0066 TCNT1L=0x00;
0000a5 bdec      	OUT  0x2C,R30
                 ; 0000 0067 ICR1H=0x00;
0000a6 bde7      	OUT  0x27,R30
                 ; 0000 0068 ICR1L=0x00;
0000a7 bde6      	OUT  0x26,R30
                 ; 0000 0069 OCR1AH=0x00;
0000a8 bdeb      	OUT  0x2B,R30
                 ; 0000 006A OCR1AL=0x00;
0000a9 bdea      	OUT  0x2A,R30
                 ; 0000 006B OCR1BH=0x00;
0000aa bde9      	OUT  0x29,R30
                 ; 0000 006C OCR1BL=0x00;
0000ab bde8      	OUT  0x28,R30
                 ; 0000 006D 
                 ; 0000 006E // Timer/Counter 2 initialization
                 ; 0000 006F // Clock source: System Clock
                 ; 0000 0070 // Clock value: Timer2 Stopped
                 ; 0000 0071 // Mode: Normal top=0xFF
                 ; 0000 0072 // OC2 output: Disconnected
                 ; 0000 0073 ASSR=0<<AS2;
0000ac bde2      	OUT  0x22,R30
                 ; 0000 0074 TCCR2=(0<<PWM2) | (0<<COM21) | (0<<COM20) | (0<<CTC2) | (0<<CS22) | (0<<CS21) | (0<<CS20);
0000ad bde5      	OUT  0x25,R30
                 ; 0000 0075 TCNT2=0x00;
0000ae bde4      	OUT  0x24,R30
                 ; 0000 0076 OCR2=0x00;
0000af bde3      	OUT  0x23,R30
                 ; 0000 0077 
                 ; 0000 0078 // Timer(s)/Counter(s) Interrupt(s) initialization
                 ; 0000 0079 TIMSK=(0<<OCIE2) | (0<<TOIE2) | (0<<TICIE1) | (0<<OCIE1A) | (0<<OCIE1B) | (0<<TOIE1) | (0<<OCIE0) | (0<<TOIE0);
0000b0 bfe9      	OUT  0x39,R30
                 ; 0000 007A 
                 ; 0000 007B // External Interrupt(s) initialization
                 ; 0000 007C // INT0: Off
                 ; 0000 007D // INT1: Off
                 ; 0000 007E // INT2: Off
                 ; 0000 007F MCUCR=(0<<ISC11) | (0<<ISC10) | (0<<ISC01) | (0<<ISC00);
0000b1 bfe5      	OUT  0x35,R30
                 ; 0000 0080 MCUCSR=(0<<ISC2);
0000b2 bfe4      	OUT  0x34,R30
                 ; 0000 0081 
                 ; 0000 0082 // USART initialization
                 ; 0000 0083 // USART disabled
                 ; 0000 0084 UCSRB=(0<<RXCIE) | (0<<TXCIE) | (0<<UDRIE) | (0<<RXEN) | (0<<TXEN) | (0<<UCSZ2) | (0<<RXB8) | (0<<TXB8);
0000b3 b9ea      	OUT  0xA,R30
                 ; 0000 0085 
                 ; 0000 0086 // Analog Comparator initialization
                 ; 0000 0087 // Analog Comparator: Off
                 ; 0000 0088 // The Analog Comparator's positive input is
                 ; 0000 0089 // connected to the AIN0 pin
                 ; 0000 008A // The Analog Comparator's negative input is
                 ; 0000 008B // connected to the AIN1 pin
                 ; 0000 008C ACSR=(1<<ACD) | (0<<ACBG) | (0<<ACO) | (0<<ACI) | (0<<ACIE) | (0<<ACIC) | (0<<ACIS1) | (0<<ACIS0);
0000b4 e8e0      	LDI  R30,LOW(128)
0000b5 b9e8      	OUT  0x8,R30
                 ; 0000 008D SFIOR=(0<<ACME);
0000b6 e0e0      	LDI  R30,LOW(0)
0000b7 bfe0      	OUT  0x30,R30
                 ; 0000 008E 
                 ; 0000 008F // ADC initialization
                 ; 0000 0090 // ADC disabled
                 ; 0000 0091 ADCSRA=(0<<ADEN) | (0<<ADSC) | (0<<ADATE) | (0<<ADIF) | (0<<ADIE) | (0<<ADPS2) | (0<<ADPS1) | (0<<ADPS0);
0000b8 b9e6      	OUT  0x6,R30
                 ; 0000 0092 
                 ; 0000 0093 // SPI initialization
                 ; 0000 0094 // SPI disabled
                 ; 0000 0095 SPCR=(0<<SPIE) | (0<<SPE) | (0<<DORD) | (0<<MSTR) | (0<<CPOL) | (0<<CPHA) | (0<<SPR1) | (0<<SPR0);
0000b9 b9ed      	OUT  0xD,R30
                 ; 0000 0096 
                 ; 0000 0097 // TWI initialization
                 ; 0000 0098 // TWI disabled
                 ; 0000 0099 TWCR=(0<<TWEA) | (0<<TWSTA) | (0<<TWSTO) | (0<<TWEN) | (0<<TWIE);
0000ba bfe6      	OUT  0x36,R30
                 ; 0000 009A 
                 ; 0000 009B // Alphanumeric LCD initialization
                 ; 0000 009C // Connections are specified in the
                 ; 0000 009D // Project|Configure|C Compiler|Libraries|Alphanumeric LCD menu:
                 ; 0000 009E // RS - PORTA Bit 0
                 ; 0000 009F // RD - PORTA Bit 1
                 ; 0000 00A0 // EN - PORTA Bit 2
                 ; 0000 00A1 // D4 - PORTA Bit 4
                 ; 0000 00A2 // D5 - PORTA Bit 5
                 ; 0000 00A3 // D6 - PORTA Bit 6
                 ; 0000 00A4 // D7 - PORTA Bit 7
                 ; 0000 00A5 // Characters/line: 16
                 ; 0000 00A6 lcd_init(16);
0000bb e1a0      	LDI  R26,LOW(16)
0000bc d0fc      	RCALL _lcd_init
                 ; 0000 00A7 define_char(char0,0);
0000bd e5e4      	LDI  R30,LOW(_char0*2)
0000be e0f0      	LDI  R31,HIGH(_char0*2)
0000bf 93fa      	ST   -Y,R31
0000c0 93ea      	ST   -Y,R30
0000c1 e0a0      	LDI  R26,LOW(0)
0000c2 dfb7      	RCALL _define_char
                 ; 0000 00A8 define_char(char1,1);
0000c3 e5ec      	LDI  R30,LOW(_char1*2)
0000c4 e0f0      	LDI  R31,HIGH(_char1*2)
0000c5 93fa      	ST   -Y,R31
0000c6 93ea      	ST   -Y,R30
0000c7 e0a1      	LDI  R26,LOW(1)
0000c8 dfb1      	RCALL _define_char
                 ; 0000 00A9 define_char(char2,2);
0000c9 e6e4      	LDI  R30,LOW(_char2*2)
0000ca e0f0      	LDI  R31,HIGH(_char2*2)
0000cb 93fa      	ST   -Y,R31
0000cc 93ea      	ST   -Y,R30
0000cd e0a2      	LDI  R26,LOW(2)
0000ce dfab      	RCALL _define_char
                 ; 0000 00AA define_char(char3,3);
0000cf e6ec      	LDI  R30,LOW(_char3*2)
0000d0 e0f0      	LDI  R31,HIGH(_char3*2)
0000d1 93fa      	ST   -Y,R31
0000d2 93ea      	ST   -Y,R30
0000d3 e0a3      	LDI  R26,LOW(3)
0000d4 dfa5      	RCALL _define_char
                 ; 0000 00AB 
                 ; 0000 00AC 
                 ; 0000 00AD DDRC=0x0f;
0000d5 e0ef      	LDI  R30,LOW(15)
0000d6 bbe4      	OUT  0x14,R30
                 ; 0000 00AE PORTC=0Xf0;
0000d7 efe0      	LDI  R30,LOW(240)
0000d8 bbe5      	OUT  0x15,R30
                 ; 0000 00AF 
                 ; 0000 00B0 while (1)
                 _0x6:
                 ; 0000 00B1       {
                 ; 0000 00B2 
                 ; 0000 00B3       //----ROW1----
                 ; 0000 00B4          PORTC.0=0;
0000d9 98a8      	CBI  0x15,0
                 ; 0000 00B5          PORTC.1=1;
0000da 9aa9      	SBI  0x15,1
                 ; 0000 00B6          PORTC.2=1;
0000db d108      	RCALL SUBOPT_0x0
                 ; 0000 00B7          PORTC.3=1;
                 ; 0000 00B8          delay_ms(1);
                 ; 0000 00B9          if(PINC.4==0) {
0000dc 999c      	SBIC 0x13,4
0000dd c004      	RJMP _0x11
                 ; 0000 00BA              lcd_gotoxy(0,0);
0000de d10b      	RCALL SUBOPT_0x1
                 ; 0000 00BB              lcd_putsf("7");
                +
0000df e7a4     +LDI R26 , LOW ( 2 * _0x0 + ( 0 ) )
0000e0 e0b0     +LDI R27 , HIGH ( 2 * _0x0 + ( 0 ) )
                 	__POINTW2FN _0x0,0
0000e1 d0c4      	RCALL _lcd_putsf
                 ; 0000 00BC          }
                 ; 0000 00BD          if(PINC.5==0) {
                 _0x11:
0000e2 999d      	SBIC 0x13,5
0000e3 c004      	RJMP _0x12
                 ; 0000 00BE              lcd_gotoxy(0,0);
0000e4 d105      	RCALL SUBOPT_0x1
                 ; 0000 00BF              lcd_putsf("8");
                +
0000e5 e7a6     +LDI R26 , LOW ( 2 * _0x0 + ( 2 ) )
0000e6 e0b0     +LDI R27 , HIGH ( 2 * _0x0 + ( 2 ) )
                 	__POINTW2FN _0x0,2
0000e7 d0be      	RCALL _lcd_putsf
                 ; 0000 00C0          }
                 ; 0000 00C1          if(PINC.6==0) {
                 _0x12:
0000e8 999e      	SBIC 0x13,6
0000e9 c004      	RJMP _0x13
                 ; 0000 00C2              lcd_gotoxy(0,0);
0000ea d0ff      	RCALL SUBOPT_0x1
                 ; 0000 00C3              lcd_putsf("9");
                +
0000eb e7a8     +LDI R26 , LOW ( 2 * _0x0 + ( 4 ) )
0000ec e0b0     +LDI R27 , HIGH ( 2 * _0x0 + ( 4 ) )
                 	__POINTW2FN _0x0,4
0000ed d0b8      	RCALL _lcd_putsf
                 ; 0000 00C4          }
                 ; 0000 00C5          if(PINC.7==0) {
                 _0x13:
0000ee 999f      	SBIC 0x13,7
0000ef c004      	RJMP _0x14
                 ; 0000 00C6              lcd_gotoxy(0,0);
0000f0 d0f9      	RCALL SUBOPT_0x1
                 ; 0000 00C7              lcd_putsf("/");
                +
0000f1 e7aa     +LDI R26 , LOW ( 2 * _0x0 + ( 6 ) )
0000f2 e0b0     +LDI R27 , HIGH ( 2 * _0x0 + ( 6 ) )
                 	__POINTW2FN _0x0,6
0000f3 d0b2      	RCALL _lcd_putsf
                 ; 0000 00C8          }
                 ; 0000 00C9 
                 ; 0000 00CA 
                 ; 0000 00CB       //----ROW2----
                 ; 0000 00CC          PORTC.0=1;
                 _0x14:
0000f4 9aa8      	SBI  0x15,0
                 ; 0000 00CD          PORTC.1=0;
0000f5 98a9      	CBI  0x15,1
                 ; 0000 00CE          PORTC.2=1;
0000f6 d0ed      	RCALL SUBOPT_0x0
                 ; 0000 00CF          PORTC.3=1;
                 ; 0000 00D0          delay_ms(1);
                 ; 0000 00D1          if(PINC.4==0) {
0000f7 999c      	SBIC 0x13,4
0000f8 c009      	RJMP _0x1D
                 ; 0000 00D2              lcd_gotoxy(0,0);
0000f9 d0f0      	RCALL SUBOPT_0x1
                 ; 0000 00D3              lcd_putchar(3);
0000fa e0a3      	LDI  R26,LOW(3)
0000fb d095      	RCALL _lcd_putchar
                 ; 0000 00D4              lcd_putchar(2);
0000fc e0a2      	LDI  R26,LOW(2)
0000fd d093      	RCALL _lcd_putchar
                 ; 0000 00D5              lcd_putchar(1);
0000fe e0a1      	LDI  R26,LOW(1)
0000ff d091      	RCALL _lcd_putchar
                 ; 0000 00D6              lcd_putchar(0);
000100 e0a0      	LDI  R26,LOW(0)
000101 d08f      	RCALL _lcd_putchar
                 ; 0000 00D7          }
                 ; 0000 00D8          if(PINC.5==0) {
                 _0x1D:
000102 999d      	SBIC 0x13,5
000103 c004      	RJMP _0x1E
                 ; 0000 00D9              lcd_gotoxy(0,0);
000104 d0e5      	RCALL SUBOPT_0x1
                 ; 0000 00DA              lcd_putsf("5");
                +
000105 e7ac     +LDI R26 , LOW ( 2 * _0x0 + ( 8 ) )
000106 e0b0     +LDI R27 , HIGH ( 2 * _0x0 + ( 8 ) )
                 	__POINTW2FN _0x0,8
000107 d09e      	RCALL _lcd_putsf
                 ; 0000 00DB          }
                 ; 0000 00DC          if(PINC.6==0) {
                 _0x1E:
000108 999e      	SBIC 0x13,6
000109 c004      	RJMP _0x1F
                 ; 0000 00DD              lcd_gotoxy(0,0);
00010a d0df      	RCALL SUBOPT_0x1
                 ; 0000 00DE              lcd_putsf("6");
                +
00010b e7ae     +LDI R26 , LOW ( 2 * _0x0 + ( 10 ) )
00010c e0b0     +LDI R27 , HIGH ( 2 * _0x0 + ( 10 ) )
                 	__POINTW2FN _0x0,10
00010d d098      	RCALL _lcd_putsf
                 ; 0000 00DF          }
                 ; 0000 00E0          if(PINC.7==0) {
                 _0x1F:
00010e 999f      	SBIC 0x13,7
00010f c004      	RJMP _0x20
                 ; 0000 00E1              lcd_gotoxy(0,0);
000110 d0d9      	RCALL SUBOPT_0x1
                 ; 0000 00E2              lcd_putsf("*");
                +
000111 e8a0     +LDI R26 , LOW ( 2 * _0x0 + ( 12 ) )
000112 e0b0     +LDI R27 , HIGH ( 2 * _0x0 + ( 12 ) )
                 	__POINTW2FN _0x0,12
000113 d092      	RCALL _lcd_putsf
                 ; 0000 00E3          }
                 ; 0000 00E4 
                 ; 0000 00E5 
                 ; 0000 00E6       //----ROW3----
                 ; 0000 00E7          PORTC.0=1;
                 _0x20:
000114 9aa8      	SBI  0x15,0
                 ; 0000 00E8          PORTC.1=1;
000115 9aa9      	SBI  0x15,1
                 ; 0000 00E9          PORTC.2=0;
000116 98aa      	CBI  0x15,2
                 ; 0000 00EA          PORTC.3=1;
000117 9aab      	SBI  0x15,3
                 ; 0000 00EB          delay_ms(1);
000118 e0a1      	LDI  R26,LOW(1)
000119 e0b0      	LDI  R27,0
00011a 940e 01fa 	CALL _delay_ms
                 ; 0000 00EC          if(PINC.4==0) {
00011c 999c      	SBIC 0x13,4
00011d c004      	RJMP _0x29
                 ; 0000 00ED              lcd_gotoxy(0,0);
00011e d0cb      	RCALL SUBOPT_0x1
                 ; 0000 00EE              lcd_putsf("1");
                +
00011f e8a2     +LDI R26 , LOW ( 2 * _0x0 + ( 14 ) )
000120 e0b0     +LDI R27 , HIGH ( 2 * _0x0 + ( 14 ) )
                 	__POINTW2FN _0x0,14
000121 d084      	RCALL _lcd_putsf
                 ; 0000 00EF          }
                 ; 0000 00F0          if(PINC.5==0) {
                 _0x29:
000122 999d      	SBIC 0x13,5
000123 c004      	RJMP _0x2A
                 ; 0000 00F1              lcd_gotoxy(0,0);
000124 d0c5      	RCALL SUBOPT_0x1
                 ; 0000 00F2              lcd_putsf("2");
                +
000125 e8a4     +LDI R26 , LOW ( 2 * _0x0 + ( 16 ) )
000126 e0b0     +LDI R27 , HIGH ( 2 * _0x0 + ( 16 ) )
                 	__POINTW2FN _0x0,16
000127 d07e      	RCALL _lcd_putsf
                 ; 0000 00F3          }
                 ; 0000 00F4          if(PINC.6==0) {
                 _0x2A:
000128 999e      	SBIC 0x13,6
000129 c004      	RJMP _0x2B
                 ; 0000 00F5              lcd_gotoxy(0,0);
00012a d0bf      	RCALL SUBOPT_0x1
                 ; 0000 00F6              lcd_putsf("3");
                +
00012b e8a6     +LDI R26 , LOW ( 2 * _0x0 + ( 18 ) )
00012c e0b0     +LDI R27 , HIGH ( 2 * _0x0 + ( 18 ) )
                 	__POINTW2FN _0x0,18
00012d d078      	RCALL _lcd_putsf
                 ; 0000 00F7          }
                 ; 0000 00F8          if(PINC.7==0) {
                 _0x2B:
00012e 999f      	SBIC 0x13,7
00012f c004      	RJMP _0x2C
                 ; 0000 00F9              lcd_gotoxy(0,0);
000130 d0b9      	RCALL SUBOPT_0x1
                 ; 0000 00FA              lcd_putsf("-");
                +
000131 e8a8     +LDI R26 , LOW ( 2 * _0x0 + ( 20 ) )
000132 e0b0     +LDI R27 , HIGH ( 2 * _0x0 + ( 20 ) )
                 	__POINTW2FN _0x0,20
000133 d072      	RCALL _lcd_putsf
                 ; 0000 00FB          }
                 ; 0000 00FC 
                 ; 0000 00FD 
                 ; 0000 00FE       //----ROW4----
                 ; 0000 00FF          PORTC.0=1;
                 _0x2C:
000134 9aa8      	SBI  0x15,0
                 ; 0000 0100          PORTC.1=1;
000135 9aa9      	SBI  0x15,1
                 ; 0000 0101          PORTC.2=1;
000136 9aaa      	SBI  0x15,2
                 ; 0000 0102          PORTC.3=0;
000137 98ab      	CBI  0x15,3
                 ; 0000 0103          delay_ms(1);
000138 e0a1      	LDI  R26,LOW(1)
000139 e0b0      	LDI  R27,0
00013a 940e 01fa 	CALL _delay_ms
                 ; 0000 0104          if(PINC.4==0) {
00013c 9b9c      	SBIS 0x13,4
                 ; 0000 0105             lcd_clear();
00013d d049      	RCALL _lcd_clear
                 ; 0000 0106          }
                 ; 0000 0107          if(PINC.5==0) {
00013e 999d      	SBIC 0x13,5
00013f c004      	RJMP _0x36
                 ; 0000 0108              lcd_gotoxy(0,0);
000140 d0a9      	RCALL SUBOPT_0x1
                 ; 0000 0109              lcd_putsf("0");
                +
000141 e8aa     +LDI R26 , LOW ( 2 * _0x0 + ( 22 ) )
000142 e0b0     +LDI R27 , HIGH ( 2 * _0x0 + ( 22 ) )
                 	__POINTW2FN _0x0,22
000143 d062      	RCALL _lcd_putsf
                 ; 0000 010A          }
                 ; 0000 010B          if(PINC.6==0) {
                 _0x36:
000144 999e      	SBIC 0x13,6
000145 c004      	RJMP _0x37
                 ; 0000 010C              lcd_gotoxy(0,0);
000146 d0a3      	RCALL SUBOPT_0x1
                 ; 0000 010D              lcd_putsf("=");
                +
000147 e8ac     +LDI R26 , LOW ( 2 * _0x0 + ( 24 ) )
000148 e0b0     +LDI R27 , HIGH ( 2 * _0x0 + ( 24 ) )
                 	__POINTW2FN _0x0,24
000149 d05c      	RCALL _lcd_putsf
                 ; 0000 010E          }
                 ; 0000 010F          if(PINC.7==0) {
                 _0x37:
00014a 999f      	SBIC 0x13,7
00014b c004      	RJMP _0x38
                 ; 0000 0110              lcd_gotoxy(0,0);
00014c d09d      	RCALL SUBOPT_0x1
                 ; 0000 0111              lcd_putsf("+");
                +
00014d e8ae     +LDI R26 , LOW ( 2 * _0x0 + ( 26 ) )
00014e e0b0     +LDI R27 , HIGH ( 2 * _0x0 + ( 26 ) )
                 	__POINTW2FN _0x0,26
00014f d056      	RCALL _lcd_putsf
                 ; 0000 0112          }
                 ; 0000 0113       }
                 _0x38:
000150 cf88      	RJMP _0x6
                 ; 0000 0114 }
                 _0x39:
000151 cfff      	RJMP _0x39
                 ; .FEND
                 	#ifndef __SLEEP_DEFINED__
                 	#endif
                 
                 	.DSEG
                 
                 	.CSEG
                 __lcd_write_nibble_G100:
                 ; .FSTART __lcd_write_nibble_G100
000152 93aa      	ST   -Y,R26
000153 b3eb      	IN   R30,0x1B
000154 70ef      	ANDI R30,LOW(0xF)
000155 2fae      	MOV  R26,R30
000156 81e8      	LD   R30,Y
000157 7fe0      	ANDI R30,LOW(0xF0)
000158 2bea      	OR   R30,R26
000159 bbeb      	OUT  0x1B,R30
                +
00015a e08d     +LDI R24 , LOW ( 13 )
                +__DELAY_USB_LOOP :
00015b 958a     +DEC R24
00015c f7f1     +BRNE __DELAY_USB_LOOP
                 	__DELAY_USB 13
00015d 9ada      	SBI  0x1B,2
                +
00015e e08d     +LDI R24 , LOW ( 13 )
                +__DELAY_USB_LOOP :
00015f 958a     +DEC R24
000160 f7f1     +BRNE __DELAY_USB_LOOP
                 	__DELAY_USB 13
000161 98da      	CBI  0x1B,2
                +
000162 e08d     +LDI R24 , LOW ( 13 )
                +__DELAY_USB_LOOP :
000163 958a     +DEC R24
000164 f7f1     +BRNE __DELAY_USB_LOOP
                 	__DELAY_USB 13
000165 c07c      	RJMP _0x2020001
                 ; .FEND
                 __lcd_write_data:
                 ; .FSTART __lcd_write_data
000166 93aa      	ST   -Y,R26
000167 81a8      	LD   R26,Y
000168 dfe9      	RCALL __lcd_write_nibble_G100
000169 81e8          ld    r30,y
00016a 95e2          swap  r30
00016b 83e8          st    y,r30
00016c 81a8      	LD   R26,Y
00016d dfe4      	RCALL __lcd_write_nibble_G100
                +
00016e e885     +LDI R24 , LOW ( 133 )
                +__DELAY_USB_LOOP :
00016f 958a     +DEC R24
000170 f7f1     +BRNE __DELAY_USB_LOOP
                 	__DELAY_USB 133
000171 c070      	RJMP _0x2020001
                 ; .FEND
                 _lcd_write_byte:
                 ; .FSTART _lcd_write_byte
000172 93aa      	ST   -Y,R26
000173 81a9      	LDD  R26,Y+1
000174 dff1      	RCALL __lcd_write_data
000175 9ad8      	SBI  0x1B,0
000176 81a8      	LD   R26,Y
000177 dfee      	RCALL __lcd_write_data
000178 98d8      	CBI  0x1B,0
000179 c00b      	RJMP _0x2020002
                 ; .FEND
                 _lcd_gotoxy:
                 ; .FSTART _lcd_gotoxy
00017a 93aa      	ST   -Y,R26
00017b 81e8      	LD   R30,Y
00017c e0f0      	LDI  R31,0
00017d 5ae0      	SUBI R30,LOW(-__base_y_G100)
00017e 4ffe      	SBCI R31,HIGH(-__base_y_G100)
00017f 81e0      	LD   R30,Z
000180 81a9      	LDD  R26,Y+1
000181 0fae      	ADD  R26,R30
000182 dfe3      	RCALL __lcd_write_data
000183 8059      	LDD  R5,Y+1
000184 8048      	LDD  R4,Y+0
                 _0x2020002:
000185 9622      	ADIW R28,2
000186 9508      	RET
                 ; .FEND
                 _lcd_clear:
                 ; .FSTART _lcd_clear
000187 e0a2      	LDI  R26,LOW(2)
000188 d065      	RCALL SUBOPT_0x2
000189 e0ac      	LDI  R26,LOW(12)
00018a dfdb      	RCALL __lcd_write_data
00018b e0a1      	LDI  R26,LOW(1)
00018c d061      	RCALL SUBOPT_0x2
00018d e0e0      	LDI  R30,LOW(0)
00018e 2e4e      	MOV  R4,R30
00018f 2e5e      	MOV  R5,R30
000190 9508      	RET
                 ; .FEND
                 _lcd_putchar:
                 ; .FSTART _lcd_putchar
000191 93aa      	ST   -Y,R26
000192 81a8      	LD   R26,Y
000193 30aa      	CPI  R26,LOW(0xA)
000194 f011      	BREQ _0x2000005
000195 1457      	CP   R5,R7
000196 f048      	BRLO _0x2000004
                 _0x2000005:
000197 e0e0      	LDI  R30,LOW(0)
000198 93ea      	ST   -Y,R30
000199 9443      	INC  R4
00019a 2da4      	MOV  R26,R4
00019b dfde      	RCALL _lcd_gotoxy
00019c 81a8      	LD   R26,Y
00019d 30aa      	CPI  R26,LOW(0xA)
00019e f409      	BRNE _0x2000007
00019f c042      	RJMP _0x2020001
                 _0x2000007:
                 _0x2000004:
0001a0 9453      	INC  R5
0001a1 9ad8      	SBI  0x1B,0
0001a2 81a8      	LD   R26,Y
0001a3 dfc2      	RCALL __lcd_write_data
0001a4 98d8      	CBI  0x1B,0
0001a5 c03c      	RJMP _0x2020001
                 ; .FEND
                 _lcd_putsf:
                 ; .FSTART _lcd_putsf
0001a6 93ba      	ST   -Y,R27
0001a7 93aa      	ST   -Y,R26
0001a8 931a      	ST   -Y,R17
                 _0x200000B:
0001a9 81e9      	LDD  R30,Y+1
0001aa 81fa      	LDD  R31,Y+1+1
0001ab 9631      	ADIW R30,1
0001ac 83e9      	STD  Y+1,R30
0001ad 83fa      	STD  Y+1+1,R31
0001ae 9731      	SBIW R30,1
0001af 91e4      	LPM  R30,Z
0001b0 2f1e      	MOV  R17,R30
0001b1 30e0      	CPI  R30,0
0001b2 f019      	BREQ _0x200000D
0001b3 2fa1      	MOV  R26,R17
0001b4 dfdc      	RCALL _lcd_putchar
0001b5 cff3      	RJMP _0x200000B
                 _0x200000D:
0001b6 8118      	LDD  R17,Y+0
0001b7 9623      	ADIW R28,3
0001b8 9508      	RET
                 ; .FEND
                 _lcd_init:
                 ; .FSTART _lcd_init
0001b9 93aa      	ST   -Y,R26
0001ba b3ea      	IN   R30,0x1A
0001bb 6fe0      	ORI  R30,LOW(0xF0)
0001bc bbea      	OUT  0x1A,R30
0001bd 9ad2      	SBI  0x1A,2
0001be 9ad0      	SBI  0x1A,0
0001bf 9ad1      	SBI  0x1A,1
0001c0 98da      	CBI  0x1B,2
0001c1 98d8      	CBI  0x1B,0
0001c2 98d9      	CBI  0x1B,1
0001c3 8078      	LDD  R7,Y+0
0001c4 81e8      	LD   R30,Y
0001c5 58e0      	SUBI R30,-LOW(128)
                +
0001c6 93e0 0162+STS __base_y_G100 + ( 2 ) , R30
                 	__PUTB1MN __base_y_G100,2
0001c8 81e8      	LD   R30,Y
0001c9 54e0      	SUBI R30,-LOW(192)
                +
0001ca 93e0 0163+STS __base_y_G100 + ( 3 ) , R30
                 	__PUTB1MN __base_y_G100,3
0001cc e1a4      	LDI  R26,LOW(20)
0001cd e0b0      	LDI  R27,0
0001ce 940e 01fa 	CALL _delay_ms
0001d0 d022      	RCALL SUBOPT_0x3
0001d1 d021      	RCALL SUBOPT_0x3
0001d2 d020      	RCALL SUBOPT_0x3
0001d3 e2a0      	LDI  R26,LOW(32)
0001d4 df7d      	RCALL __lcd_write_nibble_G100
                +
0001d5 ec88     +LDI R24 , LOW ( 200 )
0001d6 e090     +LDI R25 , HIGH ( 200 )
                +__DELAY_USW_LOOP :
0001d7 9701     +SBIW R24 , 1
0001d8 f7f1     +BRNE __DELAY_USW_LOOP
                 	__DELAY_USW 200
0001d9 e2a8      	LDI  R26,LOW(40)
0001da df8b      	RCALL __lcd_write_data
0001db e0a4      	LDI  R26,LOW(4)
0001dc df89      	RCALL __lcd_write_data
0001dd e8a5      	LDI  R26,LOW(133)
0001de df87      	RCALL __lcd_write_data
0001df e0a6      	LDI  R26,LOW(6)
0001e0 df85      	RCALL __lcd_write_data
0001e1 dfa5      	RCALL _lcd_clear
                 _0x2020001:
0001e2 9621      	ADIW R28,1
0001e3 9508      	RET
                 ; .FEND
                 
                 	.DSEG
                 __base_y_G100:
000160           	.BYTE 0x4
                 
                 	.CSEG
                 ;OPTIMIZER ADDED SUBROUTINE, CALLED 2 TIMES, CODE SIZE REDUCTION:1 WORDS
                 SUBOPT_0x0:
0001e4 9aaa      	SBI  0x15,2
0001e5 9aab      	SBI  0x15,3
0001e6 e0a1      	LDI  R26,LOW(1)
0001e7 e0b0      	LDI  R27,0
0001e8 940c 01fa 	JMP  _delay_ms
                 
                 ;OPTIMIZER ADDED SUBROUTINE, CALLED 15 TIMES, CODE SIZE REDUCTION:39 WORDS
                 SUBOPT_0x1:
0001ea e0e0      	LDI  R30,LOW(0)
0001eb 93ea      	ST   -Y,R30
0001ec e0a0      	LDI  R26,LOW(0)
0001ed cf8c      	RJMP _lcd_gotoxy
                 
                 ;OPTIMIZER ADDED SUBROUTINE, CALLED 2 TIMES, CODE SIZE REDUCTION:1 WORDS
                 SUBOPT_0x2:
0001ee df77      	RCALL __lcd_write_data
0001ef e0a3      	LDI  R26,LOW(3)
0001f0 e0b0      	LDI  R27,0
0001f1 940c 01fa 	JMP  _delay_ms
                 
                 ;OPTIMIZER ADDED SUBROUTINE, CALLED 3 TIMES, CODE SIZE REDUCTION:7 WORDS
                 SUBOPT_0x3:
0001f3 e3a0      	LDI  R26,LOW(48)
0001f4 df5d      	RCALL __lcd_write_nibble_G100
                +
0001f5 ec88     +LDI R24 , LOW ( 200 )
0001f6 e090     +LDI R25 , HIGH ( 200 )
                +__DELAY_USW_LOOP :
0001f7 9701     +SBIW R24 , 1
0001f8 f7f1     +BRNE __DELAY_USW_LOOP
                 	__DELAY_USW 200
0001f9 9508      	RET
                 
                 
                 	.CSEG
                 _delay_ms:
0001fa 9610      	adiw r26,0
0001fb f039      	breq __delay_ms1
                 __delay_ms0:
                +
0001fc ed80     +LDI R24 , LOW ( 0x7D0 )
0001fd e097     +LDI R25 , HIGH ( 0x7D0 )
                +__DELAY_USW_LOOP :
0001fe 9701     +SBIW R24 , 1
0001ff f7f1     +BRNE __DELAY_USW_LOOP
                 	__DELAY_USW 0x7D0
000200 95a8      	wdr
000201 9711      	sbiw r26,1
000202 f7c9      	brne __delay_ms0
                 __delay_ms1:
000203 9508      	ret
                 
                 ;END OF CODE MARKER
                 __END_OF_CODE:


RESOURCE USE INFORMATION
------------------------

Notice:
The register and instruction counts are symbol table hit counts,
and hence implicitly used resources are not counted, eg, the
'lpm' instruction without operands implicitly uses r0 and z,
none of which are counted.

x,y,z are separate entities in the symbol table and are
counted separately from r26..r31 here.

.dseg memory usage only counts static data declared with .byte

ATmega16 register use summary:
r0 :   4 r1 :   1 r2 :   0 r3 :   0 r4 :   4 r5 :   4 r6 :   0 r7 :   2 
r8 :   0 r9 :   0 r10:   0 r11:   0 r12:   0 r13:   0 r14:   0 r15:   0 
r16:   5 r17:   9 r18:   0 r19:   0 r20:   0 r21:   0 r22:   2 r23:   0 
r24:  21 r25:   5 r26:  67 r27:  22 r28:   5 r29:   1 r30: 110 r31:  17 
x  :   3 y  :  52 z  :  10 
Registers used: 19 out of 35 (54.3%)

ATmega16 instruction use summary:
.lds  :   0 .lds.l:   0 .sts  :   0 .sts.l:   0 adc   :   0 add   :   1 
adiw  :   7 and   :   0 andi  :   2 asr   :   0 bclr  :   0 bld   :   0 
brbc  :   0 brbs  :   0 brcc  :   0 brcs  :   0 break :   0 breq  :   4 
brge  :   0 brhc  :   0 brhs  :   0 brid  :   0 brie  :   0 brlo  :   1 
brlt  :   0 brmi  :   0 brne  :  12 brpl  :   0 brsh  :   1 brtc  :   0 
brts  :   0 brvc  :   0 brvs  :   0 bset  :   0 bst   :   0 call  :   3 
cbi   :  10 cbr   :   0 clc   :   0 clh   :   0 cli   :   1 cln   :   0 
clr   :   2 cls   :   0 clt   :   0 clv   :   0 clz   :   0 com   :   0 
cp    :   1 cpc   :   0 cpi   :   4 cpse  :   0 dec   :   5 des   :   0 
eor   :   0 fmul  :   0 fmuls :   0 fmulsu:   0 icall :   0 ijmp  :   0 
in    :   2 inc   :   3 jmp   :  24 ld    :  12 ldd   :  13 ldi   :  97 
lds   :   0 lpm   :  11 lsl   :   3 lsr   :   0 mov   :   7 movw  :   3 
mul   :   0 muls  :   0 mulsu :   0 neg   :   0 nop   :   0 or    :   1 
ori   :   2 out   :  44 pop   :   0 push  :   0 rcall :  64 ret   :   7 
reti  :   0 rjmp  :  26 rol   :   0 ror   :   0 sbc   :   0 sbci  :   1 
sbi   :  16 sbic  :  15 sbis  :   1 sbiw  :   9 sbr   :   0 sbrc  :   0 
sbrs  :   0 sec   :   0 seh   :   0 sei   :   0 sen   :   0 ser   :   0 
ses   :   0 set   :   0 sev   :   0 sez   :   0 sleep :   0 spm   :   0 
st    :  27 std   :   4 sts   :   2 sub   :   0 subi  :   4 swap  :   1 
tst   :   0 wdr   :   1 
Instructions used: 41 out of 116 (35.3%)

ATmega16 memory use summary [bytes]:
Segment   Begin    End      Code   Data   Used    Size   Use%
---------------------------------------------------------------
[.cseg] 0x000000 0x000408    962     70   1032   16384   6.3%
[.dseg] 0x000060 0x000164      0      4      4    1024   0.4%
[.eseg] 0x000000 0x000000      0      0      0     512   0.0%

Assembly complete, 0 errors, 3 warnings
