
AVRASM ver. 2.1.30  D:\Program\#Uni\AVR_ProJect\Project04_Name\Debug\List\name.asm Sun Nov 22 23:38:56 2020

D:\Program\#Uni\AVR_ProJect\Project04_Name\Debug\List\name.asm(1088): warning: Register r5 already defined by the .DEF directive
D:\Program\#Uni\AVR_ProJect\Project04_Name\Debug\List\name.asm(1089): warning: Register r4 already defined by the .DEF directive
D:\Program\#Uni\AVR_ProJect\Project04_Name\Debug\List\name.asm(1090): warning: Register r7 already defined by the .DEF directive
                 
                 
                 ;CodeVisionAVR C Compiler V3.12 Advanced
                 ;(C) Copyright 1998-2014 Pavel Haiduc, HP InfoTech s.r.l.
                 ;http://www.hpinfotech.com
                 
                 ;Build configuration    : Debug
                 ;Chip type              : ATmega16
                 ;Program type           : Application
                 ;Clock frequency        : 8.000000 MHz
                 ;Memory model           : Small
                 ;Optimize for           : Size
                 ;(s)printf features     : int, width
                 ;(s)scanf features      : int, width
                 ;External RAM size      : 0
                 ;Data Stack size        : 256 byte(s)
                 ;Heap size              : 0 byte(s)
                 ;Promote 'char' to 'int': Yes
                 ;'char' is unsigned     : Yes
                 ;8 bit enums            : Yes
                 ;Global 'const' stored in FLASH: Yes
                 ;Enhanced function parameter passing: Yes
                 ;Enhanced core instructions: On
                 ;Automatic register allocation for global variables: On
                 ;Smart register allocation: On
                 
                 	#define _MODEL_SMALL_
                 
                 	#pragma AVRPART ADMIN PART_NAME ATmega16
                 	#pragma AVRPART MEMORY PROG_FLASH 16384
                 	#pragma AVRPART MEMORY EEPROM 512
                 	#pragma AVRPART MEMORY INT_SRAM SIZE 1024
                 	#pragma AVRPART MEMORY INT_SRAM START_ADDR 0x60
                 
                 	#define CALL_SUPPORTED 1
                 
                 	.LISTMAC
                 	.EQU UDRE=0x5
                 	.EQU RXC=0x7
                 	.EQU USR=0xB
                 	.EQU UDR=0xC
                 	.EQU SPSR=0xE
                 	.EQU SPDR=0xF
                 	.EQU EERE=0x0
                 	.EQU EEWE=0x1
                 	.EQU EEMWE=0x2
                 	.EQU EECR=0x1C
                 	.EQU EEDR=0x1D
                 	.EQU EEARL=0x1E
                 	.EQU EEARH=0x1F
                 	.EQU WDTCR=0x21
                 	.EQU MCUCR=0x35
                 	.EQU GICR=0x3B
                 	.EQU SPL=0x3D
                 	.EQU SPH=0x3E
                 	.EQU SREG=0x3F
                 
                 	.DEF R0X0=R0
                 	.DEF R0X1=R1
                 	.DEF R0X2=R2
                 	.DEF R0X3=R3
                 	.DEF R0X4=R4
                 	.DEF R0X5=R5
                 	.DEF R0X6=R6
                 	.DEF R0X7=R7
                 	.DEF R0X8=R8
                 	.DEF R0X9=R9
                 	.DEF R0XA=R10
                 	.DEF R0XB=R11
                 	.DEF R0XC=R12
                 	.DEF R0XD=R13
                 	.DEF R0XE=R14
                 	.DEF R0XF=R15
                 	.DEF R0X10=R16
                 	.DEF R0X11=R17
                 	.DEF R0X12=R18
                 	.DEF R0X13=R19
                 	.DEF R0X14=R20
                 	.DEF R0X15=R21
                 	.DEF R0X16=R22
                 	.DEF R0X17=R23
                 	.DEF R0X18=R24
                 	.DEF R0X19=R25
                 	.DEF R0X1A=R26
                 	.DEF R0X1B=R27
                 	.DEF R0X1C=R28
                 	.DEF R0X1D=R29
                 	.DEF R0X1E=R30
                 	.DEF R0X1F=R31
                 
                 	.EQU __SRAM_START=0x0060
                 	.EQU __SRAM_END=0x045F
                 	.EQU __DSTACK_SIZE=0x0100
                 	.EQU __HEAP_SIZE=0x0000
                 	.EQU __CLEAR_SRAM_SIZE=__SRAM_END-__SRAM_START+1
                 
                 	.MACRO __CPD1N
                 	CPI  R30,LOW(@0)
                 	LDI  R26,HIGH(@0)
                 	CPC  R31,R26
                 	LDI  R26,BYTE3(@0)
                 	CPC  R22,R26
                 	LDI  R26,BYTE4(@0)
                 	CPC  R23,R26
                 	.ENDM
                 
                 	.MACRO __CPD2N
                 	CPI  R26,LOW(@0)
                 	LDI  R30,HIGH(@0)
                 	CPC  R27,R30
                 	LDI  R30,BYTE3(@0)
                 	CPC  R24,R30
                 	LDI  R30,BYTE4(@0)
                 	CPC  R25,R30
                 	.ENDM
                 
                 	.MACRO __CPWRR
                 	CP   R@0,R@2
                 	CPC  R@1,R@3
                 	.ENDM
                 
                 	.MACRO __CPWRN
                 	CPI  R@0,LOW(@2)
                 	LDI  R30,HIGH(@2)
                 	CPC  R@1,R30
                 	.ENDM
                 
                 	.MACRO __ADDB1MN
                 	SUBI R30,LOW(-@0-(@1))
                 	.ENDM
                 
                 	.MACRO __ADDB2MN
                 	SUBI R26,LOW(-@0-(@1))
                 	.ENDM
                 
                 	.MACRO __ADDW1MN
                 	SUBI R30,LOW(-@0-(@1))
                 	SBCI R31,HIGH(-@0-(@1))
                 	.ENDM
                 
                 	.MACRO __ADDW2MN
                 	SUBI R26,LOW(-@0-(@1))
                 	SBCI R27,HIGH(-@0-(@1))
                 	.ENDM
                 
                 	.MACRO __ADDW1FN
                 	SUBI R30,LOW(-2*@0-(@1))
                 	SBCI R31,HIGH(-2*@0-(@1))
                 	.ENDM
                 
                 	.MACRO __ADDD1FN
                 	SUBI R30,LOW(-2*@0-(@1))
                 	SBCI R31,HIGH(-2*@0-(@1))
                 	SBCI R22,BYTE3(-2*@0-(@1))
                 	.ENDM
                 
                 	.MACRO __ADDD1N
                 	SUBI R30,LOW(-@0)
                 	SBCI R31,HIGH(-@0)
                 	SBCI R22,BYTE3(-@0)
                 	SBCI R23,BYTE4(-@0)
                 	.ENDM
                 
                 	.MACRO __ADDD2N
                 	SUBI R26,LOW(-@0)
                 	SBCI R27,HIGH(-@0)
                 	SBCI R24,BYTE3(-@0)
                 	SBCI R25,BYTE4(-@0)
                 	.ENDM
                 
                 	.MACRO __SUBD1N
                 	SUBI R30,LOW(@0)
                 	SBCI R31,HIGH(@0)
                 	SBCI R22,BYTE3(@0)
                 	SBCI R23,BYTE4(@0)
                 	.ENDM
                 
                 	.MACRO __SUBD2N
                 	SUBI R26,LOW(@0)
                 	SBCI R27,HIGH(@0)
                 	SBCI R24,BYTE3(@0)
                 	SBCI R25,BYTE4(@0)
                 	.ENDM
                 
                 	.MACRO __ANDBMNN
                 	LDS  R30,@0+(@1)
                 	ANDI R30,LOW(@2)
                 	STS  @0+(@1),R30
                 	.ENDM
                 
                 	.MACRO __ANDWMNN
                 	LDS  R30,@0+(@1)
                 	ANDI R30,LOW(@2)
                 	STS  @0+(@1),R30
                 	LDS  R30,@0+(@1)+1
                 	ANDI R30,HIGH(@2)
                 	STS  @0+(@1)+1,R30
                 	.ENDM
                 
                 	.MACRO __ANDD1N
                 	ANDI R30,LOW(@0)
                 	ANDI R31,HIGH(@0)
                 	ANDI R22,BYTE3(@0)
                 	ANDI R23,BYTE4(@0)
                 	.ENDM
                 
                 	.MACRO __ANDD2N
                 	ANDI R26,LOW(@0)
                 	ANDI R27,HIGH(@0)
                 	ANDI R24,BYTE3(@0)
                 	ANDI R25,BYTE4(@0)
                 	.ENDM
                 
                 	.MACRO __ORBMNN
                 	LDS  R30,@0+(@1)
                 	ORI  R30,LOW(@2)
                 	STS  @0+(@1),R30
                 	.ENDM
                 
                 	.MACRO __ORWMNN
                 	LDS  R30,@0+(@1)
                 	ORI  R30,LOW(@2)
                 	STS  @0+(@1),R30
                 	LDS  R30,@0+(@1)+1
                 	ORI  R30,HIGH(@2)
                 	STS  @0+(@1)+1,R30
                 	.ENDM
                 
                 	.MACRO __ORD1N
                 	ORI  R30,LOW(@0)
                 	ORI  R31,HIGH(@0)
                 	ORI  R22,BYTE3(@0)
                 	ORI  R23,BYTE4(@0)
                 	.ENDM
                 
                 	.MACRO __ORD2N
                 	ORI  R26,LOW(@0)
                 	ORI  R27,HIGH(@0)
                 	ORI  R24,BYTE3(@0)
                 	ORI  R25,BYTE4(@0)
                 	.ENDM
                 
                 	.MACRO __DELAY_USB
                 	LDI  R24,LOW(@0)
                 __DELAY_USB_LOOP:
                 	DEC  R24
                 	BRNE __DELAY_USB_LOOP
                 	.ENDM
                 
                 	.MACRO __DELAY_USW
                 	LDI  R24,LOW(@0)
                 	LDI  R25,HIGH(@0)
                 __DELAY_USW_LOOP:
                 	SBIW R24,1
                 	BRNE __DELAY_USW_LOOP
                 	.ENDM
                 
                 	.MACRO __GETD1S
                 	LDD  R30,Y+@0
                 	LDD  R31,Y+@0+1
                 	LDD  R22,Y+@0+2
                 	LDD  R23,Y+@0+3
                 	.ENDM
                 
                 	.MACRO __GETD2S
                 	LDD  R26,Y+@0
                 	LDD  R27,Y+@0+1
                 	LDD  R24,Y+@0+2
                 	LDD  R25,Y+@0+3
                 	.ENDM
                 
                 	.MACRO __PUTD1S
                 	STD  Y+@0,R30
                 	STD  Y+@0+1,R31
                 	STD  Y+@0+2,R22
                 	STD  Y+@0+3,R23
                 	.ENDM
                 
                 	.MACRO __PUTD2S
                 	STD  Y+@0,R26
                 	STD  Y+@0+1,R27
                 	STD  Y+@0+2,R24
                 	STD  Y+@0+3,R25
                 	.ENDM
                 
                 	.MACRO __PUTDZ2
                 	STD  Z+@0,R26
                 	STD  Z+@0+1,R27
                 	STD  Z+@0+2,R24
                 	STD  Z+@0+3,R25
                 	.ENDM
                 
                 	.MACRO __CLRD1S
                 	STD  Y+@0,R30
                 	STD  Y+@0+1,R30
                 	STD  Y+@0+2,R30
                 	STD  Y+@0+3,R30
                 	.ENDM
                 
                 	.MACRO __POINTB1MN
                 	LDI  R30,LOW(@0+(@1))
                 	.ENDM
                 
                 	.MACRO __POINTW1MN
                 	LDI  R30,LOW(@0+(@1))
                 	LDI  R31,HIGH(@0+(@1))
                 	.ENDM
                 
                 	.MACRO __POINTD1M
                 	LDI  R30,LOW(@0)
                 	LDI  R31,HIGH(@0)
                 	LDI  R22,BYTE3(@0)
                 	LDI  R23,BYTE4(@0)
                 	.ENDM
                 
                 	.MACRO __POINTW1FN
                 	LDI  R30,LOW(2*@0+(@1))
                 	LDI  R31,HIGH(2*@0+(@1))
                 	.ENDM
                 
                 	.MACRO __POINTD1FN
                 	LDI  R30,LOW(2*@0+(@1))
                 	LDI  R31,HIGH(2*@0+(@1))
                 	LDI  R22,BYTE3(2*@0+(@1))
                 	LDI  R23,BYTE4(2*@0+(@1))
                 	.ENDM
                 
                 	.MACRO __POINTB2MN
                 	LDI  R26,LOW(@0+(@1))
                 	.ENDM
                 
                 	.MACRO __POINTW2MN
                 	LDI  R26,LOW(@0+(@1))
                 	LDI  R27,HIGH(@0+(@1))
                 	.ENDM
                 
                 	.MACRO __POINTW2FN
                 	LDI  R26,LOW(2*@0+(@1))
                 	LDI  R27,HIGH(2*@0+(@1))
                 	.ENDM
                 
                 	.MACRO __POINTD2FN
                 	LDI  R26,LOW(2*@0+(@1))
                 	LDI  R27,HIGH(2*@0+(@1))
                 	LDI  R24,BYTE3(2*@0+(@1))
                 	LDI  R25,BYTE4(2*@0+(@1))
                 	.ENDM
                 
                 	.MACRO __POINTBRM
                 	LDI  R@0,LOW(@1)
                 	.ENDM
                 
                 	.MACRO __POINTWRM
                 	LDI  R@0,LOW(@2)
                 	LDI  R@1,HIGH(@2)
                 	.ENDM
                 
                 	.MACRO __POINTBRMN
                 	LDI  R@0,LOW(@1+(@2))
                 	.ENDM
                 
                 	.MACRO __POINTWRMN
                 	LDI  R@0,LOW(@2+(@3))
                 	LDI  R@1,HIGH(@2+(@3))
                 	.ENDM
                 
                 	.MACRO __POINTWRFN
                 	LDI  R@0,LOW(@2*2+(@3))
                 	LDI  R@1,HIGH(@2*2+(@3))
                 	.ENDM
                 
                 	.MACRO __GETD1N
                 	LDI  R30,LOW(@0)
                 	LDI  R31,HIGH(@0)
                 	LDI  R22,BYTE3(@0)
                 	LDI  R23,BYTE4(@0)
                 	.ENDM
                 
                 	.MACRO __GETD2N
                 	LDI  R26,LOW(@0)
                 	LDI  R27,HIGH(@0)
                 	LDI  R24,BYTE3(@0)
                 	LDI  R25,BYTE4(@0)
                 	.ENDM
                 
                 	.MACRO __GETB1MN
                 	LDS  R30,@0+(@1)
                 	.ENDM
                 
                 	.MACRO __GETB1HMN
                 	LDS  R31,@0+(@1)
                 	.ENDM
                 
                 	.MACRO __GETW1MN
                 	LDS  R30,@0+(@1)
                 	LDS  R31,@0+(@1)+1
                 	.ENDM
                 
                 	.MACRO __GETD1MN
                 	LDS  R30,@0+(@1)
                 	LDS  R31,@0+(@1)+1
                 	LDS  R22,@0+(@1)+2
                 	LDS  R23,@0+(@1)+3
                 	.ENDM
                 
                 	.MACRO __GETBRMN
                 	LDS  R@0,@1+(@2)
                 	.ENDM
                 
                 	.MACRO __GETWRMN
                 	LDS  R@0,@2+(@3)
                 	LDS  R@1,@2+(@3)+1
                 	.ENDM
                 
                 	.MACRO __GETWRZ
                 	LDD  R@0,Z+@2
                 	LDD  R@1,Z+@2+1
                 	.ENDM
                 
                 	.MACRO __GETD2Z
                 	LDD  R26,Z+@0
                 	LDD  R27,Z+@0+1
                 	LDD  R24,Z+@0+2
                 	LDD  R25,Z+@0+3
                 	.ENDM
                 
                 	.MACRO __GETB2MN
                 	LDS  R26,@0+(@1)
                 	.ENDM
                 
                 	.MACRO __GETW2MN
                 	LDS  R26,@0+(@1)
                 	LDS  R27,@0+(@1)+1
                 	.ENDM
                 
                 	.MACRO __GETD2MN
                 	LDS  R26,@0+(@1)
                 	LDS  R27,@0+(@1)+1
                 	LDS  R24,@0+(@1)+2
                 	LDS  R25,@0+(@1)+3
                 	.ENDM
                 
                 	.MACRO __PUTB1MN
                 	STS  @0+(@1),R30
                 	.ENDM
                 
                 	.MACRO __PUTW1MN
                 	STS  @0+(@1),R30
                 	STS  @0+(@1)+1,R31
                 	.ENDM
                 
                 	.MACRO __PUTD1MN
                 	STS  @0+(@1),R30
                 	STS  @0+(@1)+1,R31
                 	STS  @0+(@1)+2,R22
                 	STS  @0+(@1)+3,R23
                 	.ENDM
                 
                 	.MACRO __PUTB1EN
                 	LDI  R26,LOW(@0+(@1))
                 	LDI  R27,HIGH(@0+(@1))
                 	CALL __EEPROMWRB
                 	.ENDM
                 
                 	.MACRO __PUTW1EN
                 	LDI  R26,LOW(@0+(@1))
                 	LDI  R27,HIGH(@0+(@1))
                 	CALL __EEPROMWRW
                 	.ENDM
                 
                 	.MACRO __PUTD1EN
                 	LDI  R26,LOW(@0+(@1))
                 	LDI  R27,HIGH(@0+(@1))
                 	CALL __EEPROMWRD
                 	.ENDM
                 
                 	.MACRO __PUTBR0MN
                 	STS  @0+(@1),R0
                 	.ENDM
                 
                 	.MACRO __PUTBMRN
                 	STS  @0+(@1),R@2
                 	.ENDM
                 
                 	.MACRO __PUTWMRN
                 	STS  @0+(@1),R@2
                 	STS  @0+(@1)+1,R@3
                 	.ENDM
                 
                 	.MACRO __PUTBZR
                 	STD  Z+@1,R@0
                 	.ENDM
                 
                 	.MACRO __PUTWZR
                 	STD  Z+@2,R@0
                 	STD  Z+@2+1,R@1
                 	.ENDM
                 
                 	.MACRO __GETW1R
                 	MOV  R30,R@0
                 	MOV  R31,R@1
                 	.ENDM
                 
                 	.MACRO __GETW2R
                 	MOV  R26,R@0
                 	MOV  R27,R@1
                 	.ENDM
                 
                 	.MACRO __GETWRN
                 	LDI  R@0,LOW(@2)
                 	LDI  R@1,HIGH(@2)
                 	.ENDM
                 
                 	.MACRO __PUTW1R
                 	MOV  R@0,R30
                 	MOV  R@1,R31
                 	.ENDM
                 
                 	.MACRO __PUTW2R
                 	MOV  R@0,R26
                 	MOV  R@1,R27
                 	.ENDM
                 
                 	.MACRO __ADDWRN
                 	SUBI R@0,LOW(-@2)
                 	SBCI R@1,HIGH(-@2)
                 	.ENDM
                 
                 	.MACRO __ADDWRR
                 	ADD  R@0,R@2
                 	ADC  R@1,R@3
                 	.ENDM
                 
                 	.MACRO __SUBWRN
                 	SUBI R@0,LOW(@2)
                 	SBCI R@1,HIGH(@2)
                 	.ENDM
                 
                 	.MACRO __SUBWRR
                 	SUB  R@0,R@2
                 	SBC  R@1,R@3
                 	.ENDM
                 
                 	.MACRO __ANDWRN
                 	ANDI R@0,LOW(@2)
                 	ANDI R@1,HIGH(@2)
                 	.ENDM
                 
                 	.MACRO __ANDWRR
                 	AND  R@0,R@2
                 	AND  R@1,R@3
                 	.ENDM
                 
                 	.MACRO __ORWRN
                 	ORI  R@0,LOW(@2)
                 	ORI  R@1,HIGH(@2)
                 	.ENDM
                 
                 	.MACRO __ORWRR
                 	OR   R@0,R@2
                 	OR   R@1,R@3
                 	.ENDM
                 
                 	.MACRO __EORWRR
                 	EOR  R@0,R@2
                 	EOR  R@1,R@3
                 	.ENDM
                 
                 	.MACRO __GETWRS
                 	LDD  R@0,Y+@2
                 	LDD  R@1,Y+@2+1
                 	.ENDM
                 
                 	.MACRO __PUTBSR
                 	STD  Y+@1,R@0
                 	.ENDM
                 
                 	.MACRO __PUTWSR
                 	STD  Y+@2,R@0
                 	STD  Y+@2+1,R@1
                 	.ENDM
                 
                 	.MACRO __MOVEWRR
                 	MOV  R@0,R@2
                 	MOV  R@1,R@3
                 	.ENDM
                 
                 	.MACRO __INWR
                 	IN   R@0,@2
                 	IN   R@1,@2+1
                 	.ENDM
                 
                 	.MACRO __OUTWR
                 	OUT  @2+1,R@1
                 	OUT  @2,R@0
                 	.ENDM
                 
                 	.MACRO __CALL1MN
                 	LDS  R30,@0+(@1)
                 	LDS  R31,@0+(@1)+1
                 	ICALL
                 	.ENDM
                 
                 	.MACRO __CALL1FN
                 	LDI  R30,LOW(2*@0+(@1))
                 	LDI  R31,HIGH(2*@0+(@1))
                 	CALL __GETW1PF
                 	ICALL
                 	.ENDM
                 
                 	.MACRO __CALL2EN
                 	PUSH R26
                 	PUSH R27
                 	LDI  R26,LOW(@0+(@1))
                 	LDI  R27,HIGH(@0+(@1))
                 	CALL __EEPROMRDW
                 	POP  R27
                 	POP  R26
                 	ICALL
                 	.ENDM
                 
                 	.MACRO __CALL2EX
                 	SUBI R26,LOW(-@0)
                 	SBCI R27,HIGH(-@0)
                 	CALL __EEPROMRDD
                 	ICALL
                 	.ENDM
                 
                 	.MACRO __GETW1STACK
                 	IN   R30,SPL
                 	IN   R31,SPH
                 	ADIW R30,@0+1
                 	LD   R0,Z+
                 	LD   R31,Z
                 	MOV  R30,R0
                 	.ENDM
                 
                 	.MACRO __GETD1STACK
                 	IN   R30,SPL
                 	IN   R31,SPH
                 	ADIW R30,@0+1
                 	LD   R0,Z+
                 	LD   R1,Z+
                 	LD   R22,Z
                 	MOVW R30,R0
                 	.ENDM
                 
                 	.MACRO __NBST
                 	BST  R@0,@1
                 	IN   R30,SREG
                 	LDI  R31,0x40
                 	EOR  R30,R31
                 	OUT  SREG,R30
                 	.ENDM
                 
                 
                 	.MACRO __PUTB1SN
                 	LDD  R26,Y+@0
                 	LDD  R27,Y+@0+1
                 	SUBI R26,LOW(-@1)
                 	SBCI R27,HIGH(-@1)
                 	ST   X,R30
                 	.ENDM
                 
                 	.MACRO __PUTW1SN
                 	LDD  R26,Y+@0
                 	LDD  R27,Y+@0+1
                 	SUBI R26,LOW(-@1)
                 	SBCI R27,HIGH(-@1)
                 	ST   X+,R30
                 	ST   X,R31
                 	.ENDM
                 
                 	.MACRO __PUTD1SN
                 	LDD  R26,Y+@0
                 	LDD  R27,Y+@0+1
                 	SUBI R26,LOW(-@1)
                 	SBCI R27,HIGH(-@1)
                 	CALL __PUTDP1
                 	.ENDM
                 
                 	.MACRO __PUTB1SNS
                 	LDD  R26,Y+@0
                 	LDD  R27,Y+@0+1
                 	ADIW R26,@1
                 	ST   X,R30
                 	.ENDM
                 
                 	.MACRO __PUTW1SNS
                 	LDD  R26,Y+@0
                 	LDD  R27,Y+@0+1
                 	ADIW R26,@1
                 	ST   X+,R30
                 	ST   X,R31
                 	.ENDM
                 
                 	.MACRO __PUTD1SNS
                 	LDD  R26,Y+@0
                 	LDD  R27,Y+@0+1
                 	ADIW R26,@1
                 	CALL __PUTDP1
                 	.ENDM
                 
                 	.MACRO __PUTB1PMN
                 	LDS  R26,@0
                 	LDS  R27,@0+1
                 	SUBI R26,LOW(-@1)
                 	SBCI R27,HIGH(-@1)
                 	ST   X,R30
                 	.ENDM
                 
                 	.MACRO __PUTW1PMN
                 	LDS  R26,@0
                 	LDS  R27,@0+1
                 	SUBI R26,LOW(-@1)
                 	SBCI R27,HIGH(-@1)
                 	ST   X+,R30
                 	ST   X,R31
                 	.ENDM
                 
                 	.MACRO __PUTD1PMN
                 	LDS  R26,@0
                 	LDS  R27,@0+1
                 	SUBI R26,LOW(-@1)
                 	SBCI R27,HIGH(-@1)
                 	CALL __PUTDP1
                 	.ENDM
                 
                 	.MACRO __PUTB1PMNS
                 	LDS  R26,@0
                 	LDS  R27,@0+1
                 	ADIW R26,@1
                 	ST   X,R30
                 	.ENDM
                 
                 	.MACRO __PUTW1PMNS
                 	LDS  R26,@0
                 	LDS  R27,@0+1
                 	ADIW R26,@1
                 	ST   X+,R30
                 	ST   X,R31
                 	.ENDM
                 
                 	.MACRO __PUTD1PMNS
                 	LDS  R26,@0
                 	LDS  R27,@0+1
                 	ADIW R26,@1
                 	CALL __PUTDP1
                 	.ENDM
                 
                 	.MACRO __PUTB1RN
                 	MOVW R26,R@0
                 	SUBI R26,LOW(-@1)
                 	SBCI R27,HIGH(-@1)
                 	ST   X,R30
                 	.ENDM
                 
                 	.MACRO __PUTW1RN
                 	MOVW R26,R@0
                 	SUBI R26,LOW(-@1)
                 	SBCI R27,HIGH(-@1)
                 	ST   X+,R30
                 	ST   X,R31
                 	.ENDM
                 
                 	.MACRO __PUTD1RN
                 	MOVW R26,R@0
                 	SUBI R26,LOW(-@1)
                 	SBCI R27,HIGH(-@1)
                 	CALL __PUTDP1
                 	.ENDM
                 
                 	.MACRO __PUTB1RNS
                 	MOVW R26,R@0
                 	ADIW R26,@1
                 	ST   X,R30
                 	.ENDM
                 
                 	.MACRO __PUTW1RNS
                 	MOVW R26,R@0
                 	ADIW R26,@1
                 	ST   X+,R30
                 	ST   X,R31
                 	.ENDM
                 
                 	.MACRO __PUTD1RNS
                 	MOVW R26,R@0
                 	ADIW R26,@1
                 	CALL __PUTDP1
                 	.ENDM
                 
                 	.MACRO __PUTB1RON
                 	MOV  R26,R@0
                 	MOV  R27,R@1
                 	SUBI R26,LOW(-@2)
                 	SBCI R27,HIGH(-@2)
                 	ST   X,R30
                 	.ENDM
                 
                 	.MACRO __PUTW1RON
                 	MOV  R26,R@0
                 	MOV  R27,R@1
                 	SUBI R26,LOW(-@2)
                 	SBCI R27,HIGH(-@2)
                 	ST   X+,R30
                 	ST   X,R31
                 	.ENDM
                 
                 	.MACRO __PUTD1RON
                 	MOV  R26,R@0
                 	MOV  R27,R@1
                 	SUBI R26,LOW(-@2)
                 	SBCI R27,HIGH(-@2)
                 	CALL __PUTDP1
                 	.ENDM
                 
                 	.MACRO __PUTB1RONS
                 	MOV  R26,R@0
                 	MOV  R27,R@1
                 	ADIW R26,@2
                 	ST   X,R30
                 	.ENDM
                 
                 	.MACRO __PUTW1RONS
                 	MOV  R26,R@0
                 	MOV  R27,R@1
                 	ADIW R26,@2
                 	ST   X+,R30
                 	ST   X,R31
                 	.ENDM
                 
                 	.MACRO __PUTD1RONS
                 	MOV  R26,R@0
                 	MOV  R27,R@1
                 	ADIW R26,@2
                 	CALL __PUTDP1
                 	.ENDM
                 
                 
                 	.MACRO __GETB1SX
                 	MOVW R30,R28
                 	SUBI R30,LOW(-@0)
                 	SBCI R31,HIGH(-@0)
                 	LD   R30,Z
                 	.ENDM
                 
                 	.MACRO __GETB1HSX
                 	MOVW R30,R28
                 	SUBI R30,LOW(-@0)
                 	SBCI R31,HIGH(-@0)
                 	LD   R31,Z
                 	.ENDM
                 
                 	.MACRO __GETW1SX
                 	MOVW R30,R28
                 	SUBI R30,LOW(-@0)
                 	SBCI R31,HIGH(-@0)
                 	LD   R0,Z+
                 	LD   R31,Z
                 	MOV  R30,R0
                 	.ENDM
                 
                 	.MACRO __GETD1SX
                 	MOVW R30,R28
                 	SUBI R30,LOW(-@0)
                 	SBCI R31,HIGH(-@0)
                 	LD   R0,Z+
                 	LD   R1,Z+
                 	LD   R22,Z+
                 	LD   R23,Z
                 	MOVW R30,R0
                 	.ENDM
                 
                 	.MACRO __GETB2SX
                 	MOVW R26,R28
                 	SUBI R26,LOW(-@0)
                 	SBCI R27,HIGH(-@0)
                 	LD   R26,X
                 	.ENDM
                 
                 	.MACRO __GETW2SX
                 	MOVW R26,R28
                 	SUBI R26,LOW(-@0)
                 	SBCI R27,HIGH(-@0)
                 	LD   R0,X+
                 	LD   R27,X
                 	MOV  R26,R0
                 	.ENDM
                 
                 	.MACRO __GETD2SX
                 	MOVW R26,R28
                 	SUBI R26,LOW(-@0)
                 	SBCI R27,HIGH(-@0)
                 	LD   R0,X+
                 	LD   R1,X+
                 	LD   R24,X+
                 	LD   R25,X
                 	MOVW R26,R0
                 	.ENDM
                 
                 	.MACRO __GETBRSX
                 	MOVW R30,R28
                 	SUBI R30,LOW(-@1)
                 	SBCI R31,HIGH(-@1)
                 	LD   R@0,Z
                 	.ENDM
                 
                 	.MACRO __GETWRSX
                 	MOVW R30,R28
                 	SUBI R30,LOW(-@2)
                 	SBCI R31,HIGH(-@2)
                 	LD   R@0,Z+
                 	LD   R@1,Z
                 	.ENDM
                 
                 	.MACRO __GETBRSX2
                 	MOVW R26,R28
                 	SUBI R26,LOW(-@1)
                 	SBCI R27,HIGH(-@1)
                 	LD   R@0,X
                 	.ENDM
                 
                 	.MACRO __GETWRSX2
                 	MOVW R26,R28
                 	SUBI R26,LOW(-@2)
                 	SBCI R27,HIGH(-@2)
                 	LD   R@0,X+
                 	LD   R@1,X
                 	.ENDM
                 
                 	.MACRO __LSLW8SX
                 	MOVW R30,R28
                 	SUBI R30,LOW(-@0)
                 	SBCI R31,HIGH(-@0)
                 	LD   R31,Z
                 	CLR  R30
                 	.ENDM
                 
                 	.MACRO __PUTB1SX
                 	MOVW R26,R28
                 	SUBI R26,LOW(-@0)
                 	SBCI R27,HIGH(-@0)
                 	ST   X,R30
                 	.ENDM
                 
                 	.MACRO __PUTW1SX
                 	MOVW R26,R28
                 	SUBI R26,LOW(-@0)
                 	SBCI R27,HIGH(-@0)
                 	ST   X+,R30
                 	ST   X,R31
                 	.ENDM
                 
                 	.MACRO __PUTD1SX
                 	MOVW R26,R28
                 	SUBI R26,LOW(-@0)
                 	SBCI R27,HIGH(-@0)
                 	ST   X+,R30
                 	ST   X+,R31
                 	ST   X+,R22
                 	ST   X,R23
                 	.ENDM
                 
                 	.MACRO __CLRW1SX
                 	MOVW R26,R28
                 	SUBI R26,LOW(-@0)
                 	SBCI R27,HIGH(-@0)
                 	ST   X+,R30
                 	ST   X,R30
                 	.ENDM
                 
                 	.MACRO __CLRD1SX
                 	MOVW R26,R28
                 	SUBI R26,LOW(-@0)
                 	SBCI R27,HIGH(-@0)
                 	ST   X+,R30
                 	ST   X+,R30
                 	ST   X+,R30
                 	ST   X,R30
                 	.ENDM
                 
                 	.MACRO __PUTB2SX
                 	MOVW R30,R28
                 	SUBI R30,LOW(-@0)
                 	SBCI R31,HIGH(-@0)
                 	ST   Z,R26
                 	.ENDM
                 
                 	.MACRO __PUTW2SX
                 	MOVW R30,R28
                 	SUBI R30,LOW(-@0)
                 	SBCI R31,HIGH(-@0)
                 	ST   Z+,R26
                 	ST   Z,R27
                 	.ENDM
                 
                 	.MACRO __PUTD2SX
                 	MOVW R30,R28
                 	SUBI R30,LOW(-@0)
                 	SBCI R31,HIGH(-@0)
                 	ST   Z+,R26
                 	ST   Z+,R27
                 	ST   Z+,R24
                 	ST   Z,R25
                 	.ENDM
                 
                 	.MACRO __PUTBSRX
                 	MOVW R30,R28
                 	SUBI R30,LOW(-@1)
                 	SBCI R31,HIGH(-@1)
                 	ST   Z,R@0
                 	.ENDM
                 
                 	.MACRO __PUTWSRX
                 	MOVW R30,R28
                 	SUBI R30,LOW(-@2)
                 	SBCI R31,HIGH(-@2)
                 	ST   Z+,R@0
                 	ST   Z,R@1
                 	.ENDM
                 
                 	.MACRO __PUTB1SNX
                 	MOVW R26,R28
                 	SUBI R26,LOW(-@0)
                 	SBCI R27,HIGH(-@0)
                 	LD   R0,X+
                 	LD   R27,X
                 	MOV  R26,R0
                 	SUBI R26,LOW(-@1)
                 	SBCI R27,HIGH(-@1)
                 	ST   X,R30
                 	.ENDM
                 
                 	.MACRO __PUTW1SNX
                 	MOVW R26,R28
                 	SUBI R26,LOW(-@0)
                 	SBCI R27,HIGH(-@0)
                 	LD   R0,X+
                 	LD   R27,X
                 	MOV  R26,R0
                 	SUBI R26,LOW(-@1)
                 	SBCI R27,HIGH(-@1)
                 	ST   X+,R30
                 	ST   X,R31
                 	.ENDM
                 
                 	.MACRO __PUTD1SNX
                 	MOVW R26,R28
                 	SUBI R26,LOW(-@0)
                 	SBCI R27,HIGH(-@0)
                 	LD   R0,X+
                 	LD   R27,X
                 	MOV  R26,R0
                 	SUBI R26,LOW(-@1)
                 	SBCI R27,HIGH(-@1)
                 	ST   X+,R30
                 	ST   X+,R31
                 	ST   X+,R22
                 	ST   X,R23
                 	.ENDM
                 
                 	.MACRO __MULBRR
                 	MULS R@0,R@1
                 	MOVW R30,R0
                 	.ENDM
                 
                 	.MACRO __MULBRRU
                 	MUL  R@0,R@1
                 	MOVW R30,R0
                 	.ENDM
                 
                 	.MACRO __MULBRR0
                 	MULS R@0,R@1
                 	.ENDM
                 
                 	.MACRO __MULBRRU0
                 	MUL  R@0,R@1
                 	.ENDM
                 
                 	.MACRO __MULBNWRU
                 	LDI  R26,@2
                 	MUL  R26,R@0
                 	MOVW R30,R0
                 	MUL  R26,R@1
                 	ADD  R31,R0
                 	.ENDM
                 
                 ;NAME DEFINITIONS FOR GLOBAL VARIABLES ALLOCATED TO REGISTERS
                 	.DEF __lcd_x=R5
                 	.DEF __lcd_y=R4
                 	.DEF __lcd_maxx=R7
                 
                 	.CSEG
                 	.ORG 0x00
                 
                 ;START OF CODE MARKER
                 __START_OF_CODE:
                 
                 ;INTERRUPT VECTORS
000000 940c 0053 	JMP  __RESET
000002 940c 0000 	JMP  0x00
000004 940c 0000 	JMP  0x00
000006 940c 0000 	JMP  0x00
000008 940c 0000 	JMP  0x00
00000a 940c 0000 	JMP  0x00
00000c 940c 0000 	JMP  0x00
00000e 940c 0000 	JMP  0x00
000010 940c 0000 	JMP  0x00
000012 940c 0000 	JMP  0x00
000014 940c 0000 	JMP  0x00
000016 940c 0000 	JMP  0x00
000018 940c 0000 	JMP  0x00
00001a 940c 0000 	JMP  0x00
00001c 940c 0000 	JMP  0x00
00001e 940c 0000 	JMP  0x00
000020 940c 0000 	JMP  0x00
000022 940c 0000 	JMP  0x00
000024 940c 0000 	JMP  0x00
000026 940c 0000 	JMP  0x00
000028 940c 0000 	JMP  0x00
                 
                 _char0:
00002a 0907
00002b 1f01
00002c 0a00
00002d 0004      	.DB  0x7,0x9,0x1,0x1F,0x0,0xA,0x4,0x0
                 _char1:
00002e 0a04
00002f 0915
000030 0016
000031 0000      	.DB  0x4,0xA,0x15,0x9,0x16,0x0,0x0,0x0
                 _char2:
000032 0202
000033 0202
000034 0003
000035 0000      	.DB  0x2,0x2,0x2,0x2,0x3,0x0,0x0,0x0
                 _char3:
000036 0102
000037 0402
000038 0018
000039 0000      	.DB  0x2,0x1,0x2,0x4,0x18,0x0,0x0,0x0
                 _char4:
00003a 0101
00003b 1f01
00003c 0200
00003d 0000      	.DB  0x1,0x1,0x1,0x1F,0x0,0x2,0x0,0x0
                 _char5:
00003e 0202
00003f 0202
000040 0003
000041 0000      	.DB  0x2,0x2,0x2,0x2,0x3,0x0,0x0,0x0
                 _char6:
000042 0002
000043 0502
000044 1f14
000045 0000      	.DB  0x2,0x0,0x2,0x5,0x14,0x1F,0x0,0x0
                 _char7:
000046 0a04
000047 0409
000048 1112
000049 000f      	.DB  0x4,0xA,0x9,0x4,0x12,0x11,0xF,0x0
                 
                 _0x0:
00004a 4e4c
00004b 6d61
00004c 3a65
D:\Program\#Uni\AVR_ProJect\Project04_Name\Debug\List\name.asm(1139): warning: .cseg .db misalignment - padding zero byte
00004d 0000      	.DB  0x4C,0x4E,0x61,0x6D,0x65,0x3A,0x0
                 _0x2000003:
00004e c080      	.DB  0x80,0xC0
                 
                 __GLOBAL_INI_TBL:
00004f 0002      	.DW  0x02
000050 0160      	.DW  __base_y_G100
000051 009c      	.DW  _0x2000003*2
                 
                 _0xFFFFFFFF:
000052 0000      	.DW  0
                 
                 #define __GLOBAL_INI_TBL_PRESENT 1
                 
                 __RESET:
000053 94f8      	CLI
000054 27ee      	CLR  R30
000055 bbec      	OUT  EECR,R30
                 
                 ;INTERRUPT VECTORS ARE PLACED
                 ;AT THE START OF FLASH
000056 e0f1      	LDI  R31,1
000057 bffb      	OUT  GICR,R31
000058 bfeb      	OUT  GICR,R30
000059 bfe5      	OUT  MCUCR,R30
                 
                 ;CLEAR R2-R14
00005a e08d      	LDI  R24,(14-2)+1
00005b e0a2      	LDI  R26,2
00005c 27bb      	CLR  R27
                 __CLEAR_REG:
00005d 93ed      	ST   X+,R30
00005e 958a      	DEC  R24
00005f f7e9      	BRNE __CLEAR_REG
                 
                 ;CLEAR SRAM
000060 e080      	LDI  R24,LOW(__CLEAR_SRAM_SIZE)
000061 e094      	LDI  R25,HIGH(__CLEAR_SRAM_SIZE)
000062 e6a0      	LDI  R26,__SRAM_START
                 __CLEAR_SRAM:
000063 93ed      	ST   X+,R30
000064 9701      	SBIW R24,1
000065 f7e9      	BRNE __CLEAR_SRAM
                 
                 ;GLOBAL VARIABLES INITIALIZATION
000066 e9ee      	LDI  R30,LOW(__GLOBAL_INI_TBL*2)
000067 e0f0      	LDI  R31,HIGH(__GLOBAL_INI_TBL*2)
                 __GLOBAL_INI_NEXT:
000068 9185      	LPM  R24,Z+
000069 9195      	LPM  R25,Z+
00006a 9700      	SBIW R24,0
00006b f061      	BREQ __GLOBAL_INI_END
00006c 91a5      	LPM  R26,Z+
00006d 91b5      	LPM  R27,Z+
00006e 9005      	LPM  R0,Z+
00006f 9015      	LPM  R1,Z+
000070 01bf      	MOVW R22,R30
000071 01f0      	MOVW R30,R0
                 __GLOBAL_INI_LOOP:
000072 9005      	LPM  R0,Z+
000073 920d      	ST   X+,R0
000074 9701      	SBIW R24,1
000075 f7e1      	BRNE __GLOBAL_INI_LOOP
000076 01fb      	MOVW R30,R22
000077 cff0      	RJMP __GLOBAL_INI_NEXT
                 __GLOBAL_INI_END:
                 
                 ;HARDWARE STACK POINTER INITIALIZATION
000078 e5ef      	LDI  R30,LOW(__SRAM_END-__HEAP_SIZE)
000079 bfed      	OUT  SPL,R30
00007a e0e4      	LDI  R30,HIGH(__SRAM_END-__HEAP_SIZE)
00007b bfee      	OUT  SPH,R30
                 
                 ;DATA STACK POINTER INITIALIZATION
00007c e6c0      	LDI  R28,LOW(__SRAM_START+__DSTACK_SIZE)
00007d e0d1      	LDI  R29,HIGH(__SRAM_START+__DSTACK_SIZE)
                 
00007e 940c 009d 	JMP  _main
                 
                 	.ESEG
                 	.ORG 0
                 
                 	.DSEG
                 	.ORG 0x160
                 
                 	.CSEG
                 ;/*******************************************************
                 ;This program was created by the
                 ;CodeWizardAVR V3.12 Advanced
                 ;Automatic Program Generator
                 ;© Copyright 1998-2014 Pavel Haiduc, HP InfoTech s.r.l.
                 ;http://www.hpinfotech.com
                 ;
                 ;Project :
                 ;Version :
                 ;Date    : 11/22/2020
                 ;Author  :
                 ;Company :
                 ;Comments:
                 ;
                 ;
                 ;Chip type               : ATmega16
                 ;Program type            : Application
                 ;AVR Core Clock frequency: 8.000000 MHz
                 ;Memory model            : Small
                 ;External RAM size       : 0
                 ;Data Stack size         : 256
                 ;*******************************************************/
                 ;
                 ;#include <mega16.h>
                 	#ifndef __SLEEP_DEFINED__
                 	#define __SLEEP_DEFINED__
                 	.EQU __se_bit=0x40
                 	.EQU __sm_mask=0xB0
                 	.EQU __sm_powerdown=0x20
                 	.EQU __sm_powersave=0x30
                 	.EQU __sm_standby=0xA0
                 	.EQU __sm_ext_standby=0xB0
                 	.EQU __sm_adc_noise_red=0x10
                 	.SET power_ctrl_reg=mcucr
                 	#endif
                 ;#asm
                  .equ __lcd_port=0x1B;
                 ; 0000 001B #endasm
                 ;#include <lcd.h>
                 ;
                 ;// Alphanumeric LCD functions
                 ;
                 ;typedef unsigned char byte;
                 ;
                 ;flash byte char0[8]={7,9,1,31,0,10,4,0};
                 ;flash byte char1[8]={4,10,21,9,22,0,0,0};
                 ;flash byte char2[8]={2,2,2,2,3,0,0,0};
                 ;flash byte char3[8]={2,1,2,4,24,0,0,0};
                 ;flash byte char4[8]={1,1,1,31,0,2,0,0};
                 ;flash byte char5[8]={2,2,2,2,3,0,0,0};
                 ;flash byte char6[8]={2,0,2,5,20,31,0,0};
                 ;flash byte char7[8]={4,10,9,4,18,17,15,0};
                 ;
                 ;void define_char(byte flash *pc,byte char_code){
                 ; 0000 002B void define_char(byte flash *pc,byte char_code){
                 
                 	.CSEG
                 _define_char:
                 ; .FSTART _define_char
                 ; 0000 002C byte i,a;
                 ; 0000 002D a=(char_code<<3)|0x40;
000080 93aa      	ST   -Y,R26
000081 931a      	ST   -Y,R17
000082 930a      	ST   -Y,R16
                 ;	*pc -> Y+3
                 ;	char_code -> Y+2
                 ;	i -> R17
                 ;	a -> R16
000083 81ea      	LDD  R30,Y+2
000084 0fee      	LSL  R30
000085 0fee      	LSL  R30
000086 0fee      	LSL  R30
000087 64e0      	ORI  R30,0x40
000088 2f0e      	MOV  R16,R30
                 ; 0000 002E for(i=0; i<8; i++) lcd_write_byte(a++, *pc++);
000089 e010      	LDI  R17,LOW(0)
                 _0x4:
00008a 3018      	CPI  R17,8
00008b f468      	BRSH _0x5
00008c 930a      	ST   -Y,R16
00008d 9503      	INC  R16
00008e 81ec      	LDD  R30,Y+4
00008f 81fd      	LDD  R31,Y+4+1
000090 9631      	ADIW R30,1
000091 83ec      	STD  Y+4,R30
000092 83fd      	STD  Y+4+1,R31
000093 9731      	SBIW R30,1
000094 91a4      	LPM  R26,Z
000095 940e 0146 	CALL _lcd_write_byte
000097 5f1f      	SUBI R17,-1
000098 cff1      	RJMP _0x4
                 _0x5:
                 ; 0000 002F }
000099 8119      	LDD  R17,Y+1
00009a 8108      	LDD  R16,Y+0
00009b 9625      	ADIW R28,5
00009c 9508      	RET
                 ; .FEND
                 ;// Declare your global variables here
                 ;
                 ;void main(void)
                 ; 0000 0033 {
                 _main:
                 ; .FSTART _main
                 ; 0000 0034 // Declare your local variables here
                 ; 0000 0035 
                 ; 0000 0036 // Input/Output Ports initialization
                 ; 0000 0037 // Port A initialization
                 ; 0000 0038 // Function: Bit7=In Bit6=In Bit5=In Bit4=In Bit3=In Bit2=In Bit1=In Bit0=In
                 ; 0000 0039 DDRA=(0<<DDA7) | (0<<DDA6) | (0<<DDA5) | (0<<DDA4) | (0<<DDA3) | (0<<DDA2) | (0<<DDA1) | (0<<DDA0);
00009d e0e0      	LDI  R30,LOW(0)
00009e bbea      	OUT  0x1A,R30
                 ; 0000 003A // State: Bit7=T Bit6=T Bit5=T Bit4=T Bit3=T Bit2=T Bit1=T Bit0=T
                 ; 0000 003B PORTA=(0<<PORTA7) | (0<<PORTA6) | (0<<PORTA5) | (0<<PORTA4) | (0<<PORTA3) | (0<<PORTA2) | (0<<PORTA1) | (0<<PORTA0);
00009f bbeb      	OUT  0x1B,R30
                 ; 0000 003C 
                 ; 0000 003D // Port B initialization
                 ; 0000 003E // Function: Bit7=In Bit6=In Bit5=In Bit4=In Bit3=In Bit2=In Bit1=In Bit0=In
                 ; 0000 003F DDRB=(0<<DDB7) | (0<<DDB6) | (0<<DDB5) | (0<<DDB4) | (0<<DDB3) | (0<<DDB2) | (0<<DDB1) | (0<<DDB0);
0000a0 bbe7      	OUT  0x17,R30
                 ; 0000 0040 // State: Bit7=T Bit6=T Bit5=T Bit4=T Bit3=T Bit2=T Bit1=T Bit0=T
                 ; 0000 0041 PORTB=(0<<PORTB7) | (0<<PORTB6) | (0<<PORTB5) | (0<<PORTB4) | (0<<PORTB3) | (0<<PORTB2) | (0<<PORTB1) | (0<<PORTB0);
0000a1 bbe8      	OUT  0x18,R30
                 ; 0000 0042 
                 ; 0000 0043 // Port C initialization
                 ; 0000 0044 // Function: Bit7=In Bit6=In Bit5=In Bit4=In Bit3=In Bit2=In Bit1=In Bit0=In
                 ; 0000 0045 DDRC=(0<<DDC7) | (0<<DDC6) | (0<<DDC5) | (0<<DDC4) | (0<<DDC3) | (0<<DDC2) | (0<<DDC1) | (0<<DDC0);
0000a2 bbe4      	OUT  0x14,R30
                 ; 0000 0046 // State: Bit7=T Bit6=T Bit5=T Bit4=T Bit3=T Bit2=T Bit1=T Bit0=T
                 ; 0000 0047 PORTC=(0<<PORTC7) | (0<<PORTC6) | (0<<PORTC5) | (0<<PORTC4) | (0<<PORTC3) | (0<<PORTC2) | (0<<PORTC1) | (0<<PORTC0);
0000a3 bbe5      	OUT  0x15,R30
                 ; 0000 0048 
                 ; 0000 0049 // Port D initialization
                 ; 0000 004A // Function: Bit7=In Bit6=In Bit5=In Bit4=In Bit3=In Bit2=In Bit1=In Bit0=In
                 ; 0000 004B DDRD=(0<<DDD7) | (0<<DDD6) | (0<<DDD5) | (0<<DDD4) | (0<<DDD3) | (0<<DDD2) | (0<<DDD1) | (0<<DDD0);
0000a4 bbe1      	OUT  0x11,R30
                 ; 0000 004C // State: Bit7=T Bit6=T Bit5=T Bit4=T Bit3=T Bit2=T Bit1=T Bit0=T
                 ; 0000 004D PORTD=(0<<PORTD7) | (0<<PORTD6) | (0<<PORTD5) | (0<<PORTD4) | (0<<PORTD3) | (0<<PORTD2) | (0<<PORTD1) | (0<<PORTD0);
0000a5 bbe2      	OUT  0x12,R30
                 ; 0000 004E 
                 ; 0000 004F // Timer/Counter 0 initialization
                 ; 0000 0050 // Clock source: System Clock
                 ; 0000 0051 // Clock value: Timer 0 Stopped
                 ; 0000 0052 // Mode: Normal top=0xFF
                 ; 0000 0053 // OC0 output: Disconnected
                 ; 0000 0054 TCCR0=(0<<WGM00) | (0<<COM01) | (0<<COM00) | (0<<WGM01) | (0<<CS02) | (0<<CS01) | (0<<CS00);
0000a6 bfe3      	OUT  0x33,R30
                 ; 0000 0055 TCNT0=0x00;
0000a7 bfe2      	OUT  0x32,R30
                 ; 0000 0056 OCR0=0x00;
0000a8 bfec      	OUT  0x3C,R30
                 ; 0000 0057 
                 ; 0000 0058 // Timer/Counter 1 initialization
                 ; 0000 0059 // Clock source: System Clock
                 ; 0000 005A // Clock value: Timer1 Stopped
                 ; 0000 005B // Mode: Normal top=0xFFFF
                 ; 0000 005C // OC1A output: Disconnected
                 ; 0000 005D // OC1B output: Disconnected
                 ; 0000 005E // Noise Canceler: Off
                 ; 0000 005F // Input Capture on Falling Edge
                 ; 0000 0060 // Timer1 Overflow Interrupt: Off
                 ; 0000 0061 // Input Capture Interrupt: Off
                 ; 0000 0062 // Compare A Match Interrupt: Off
                 ; 0000 0063 // Compare B Match Interrupt: Off
                 ; 0000 0064 TCCR1A=(0<<COM1A1) | (0<<COM1A0) | (0<<COM1B1) | (0<<COM1B0) | (0<<WGM11) | (0<<WGM10);
0000a9 bdef      	OUT  0x2F,R30
                 ; 0000 0065 TCCR1B=(0<<ICNC1) | (0<<ICES1) | (0<<WGM13) | (0<<WGM12) | (0<<CS12) | (0<<CS11) | (0<<CS10);
0000aa bdee      	OUT  0x2E,R30
                 ; 0000 0066 TCNT1H=0x00;
0000ab bded      	OUT  0x2D,R30
                 ; 0000 0067 TCNT1L=0x00;
0000ac bdec      	OUT  0x2C,R30
                 ; 0000 0068 ICR1H=0x00;
0000ad bde7      	OUT  0x27,R30
                 ; 0000 0069 ICR1L=0x00;
0000ae bde6      	OUT  0x26,R30
                 ; 0000 006A OCR1AH=0x00;
0000af bdeb      	OUT  0x2B,R30
                 ; 0000 006B OCR1AL=0x00;
0000b0 bdea      	OUT  0x2A,R30
                 ; 0000 006C OCR1BH=0x00;
0000b1 bde9      	OUT  0x29,R30
                 ; 0000 006D OCR1BL=0x00;
0000b2 bde8      	OUT  0x28,R30
                 ; 0000 006E 
                 ; 0000 006F // Timer/Counter 2 initialization
                 ; 0000 0070 // Clock source: System Clock
                 ; 0000 0071 // Clock value: Timer2 Stopped
                 ; 0000 0072 // Mode: Normal top=0xFF
                 ; 0000 0073 // OC2 output: Disconnected
                 ; 0000 0074 ASSR=0<<AS2;
0000b3 bde2      	OUT  0x22,R30
                 ; 0000 0075 TCCR2=(0<<PWM2) | (0<<COM21) | (0<<COM20) | (0<<CTC2) | (0<<CS22) | (0<<CS21) | (0<<CS20);
0000b4 bde5      	OUT  0x25,R30
                 ; 0000 0076 TCNT2=0x00;
0000b5 bde4      	OUT  0x24,R30
                 ; 0000 0077 OCR2=0x00;
0000b6 bde3      	OUT  0x23,R30
                 ; 0000 0078 
                 ; 0000 0079 // Timer(s)/Counter(s) Interrupt(s) initialization
                 ; 0000 007A TIMSK=(0<<OCIE2) | (0<<TOIE2) | (0<<TICIE1) | (0<<OCIE1A) | (0<<OCIE1B) | (0<<TOIE1) | (0<<OCIE0) | (0<<TOIE0);
0000b7 bfe9      	OUT  0x39,R30
                 ; 0000 007B 
                 ; 0000 007C // External Interrupt(s) initialization
                 ; 0000 007D // INT0: Off
                 ; 0000 007E // INT1: Off
                 ; 0000 007F // INT2: Off
                 ; 0000 0080 MCUCR=(0<<ISC11) | (0<<ISC10) | (0<<ISC01) | (0<<ISC00);
0000b8 bfe5      	OUT  0x35,R30
                 ; 0000 0081 MCUCSR=(0<<ISC2);
0000b9 bfe4      	OUT  0x34,R30
                 ; 0000 0082 
                 ; 0000 0083 // USART initialization
                 ; 0000 0084 // USART disabled
                 ; 0000 0085 UCSRB=(0<<RXCIE) | (0<<TXCIE) | (0<<UDRIE) | (0<<RXEN) | (0<<TXEN) | (0<<UCSZ2) | (0<<RXB8) | (0<<TXB8);
0000ba b9ea      	OUT  0xA,R30
                 ; 0000 0086 
                 ; 0000 0087 // Analog Comparator initialization
                 ; 0000 0088 // Analog Comparator: Off
                 ; 0000 0089 // The Analog Comparator's positive input is
                 ; 0000 008A // connected to the AIN0 pin
                 ; 0000 008B // The Analog Comparator's negative input is
                 ; 0000 008C // connected to the AIN1 pin
                 ; 0000 008D ACSR=(1<<ACD) | (0<<ACBG) | (0<<ACO) | (0<<ACI) | (0<<ACIE) | (0<<ACIC) | (0<<ACIS1) | (0<<ACIS0);
0000bb e8e0      	LDI  R30,LOW(128)
0000bc b9e8      	OUT  0x8,R30
                 ; 0000 008E SFIOR=(0<<ACME);
0000bd e0e0      	LDI  R30,LOW(0)
0000be bfe0      	OUT  0x30,R30
                 ; 0000 008F 
                 ; 0000 0090 // ADC initialization
                 ; 0000 0091 // ADC disabled
                 ; 0000 0092 ADCSRA=(0<<ADEN) | (0<<ADSC) | (0<<ADATE) | (0<<ADIF) | (0<<ADIE) | (0<<ADPS2) | (0<<ADPS1) | (0<<ADPS0);
0000bf b9e6      	OUT  0x6,R30
                 ; 0000 0093 
                 ; 0000 0094 // SPI initialization
                 ; 0000 0095 // SPI disabled
                 ; 0000 0096 SPCR=(0<<SPIE) | (0<<SPE) | (0<<DORD) | (0<<MSTR) | (0<<CPOL) | (0<<CPHA) | (0<<SPR1) | (0<<SPR0);
0000c0 b9ed      	OUT  0xD,R30
                 ; 0000 0097 
                 ; 0000 0098 // TWI initialization
                 ; 0000 0099 // TWI disabled
                 ; 0000 009A TWCR=(0<<TWEA) | (0<<TWSTA) | (0<<TWSTO) | (0<<TWEN) | (0<<TWIE);
0000c1 bfe6      	OUT  0x36,R30
                 ; 0000 009B 
                 ; 0000 009C // Alphanumeric LCD initialization
                 ; 0000 009D // Connections are specified in the
                 ; 0000 009E // Project|Configure|C Compiler|Libraries|Alphanumeric LCD menu:
                 ; 0000 009F // RS - PORTA Bit 0
                 ; 0000 00A0 // RD - PORTA Bit 1
                 ; 0000 00A1 // EN - PORTA Bit 2
                 ; 0000 00A2 // D4 - PORTA Bit 4
                 ; 0000 00A3 // D5 - PORTA Bit 5
                 ; 0000 00A4 // D6 - PORTA Bit 6
                 ; 0000 00A5 // D7 - PORTA Bit 7
                 ; 0000 00A6 // Characters/line: 8
                 ; 0000 00A7 lcd_init(16);
0000c2 e1a0      	LDI  R26,LOW(16)
0000c3 940e 01bf 	CALL _lcd_init
                 ; 0000 00A8 define_char(char0,0);
0000c5 e5e4      	LDI  R30,LOW(_char0*2)
0000c6 e0f0      	LDI  R31,HIGH(_char0*2)
0000c7 93fa      	ST   -Y,R31
0000c8 93ea      	ST   -Y,R30
0000c9 e0a0      	LDI  R26,LOW(0)
0000ca dfb5      	RCALL _define_char
                 ; 0000 00A9 define_char(char1,1);
0000cb e5ec      	LDI  R30,LOW(_char1*2)
0000cc e0f0      	LDI  R31,HIGH(_char1*2)
0000cd 93fa      	ST   -Y,R31
0000ce 93ea      	ST   -Y,R30
0000cf e0a1      	LDI  R26,LOW(1)
0000d0 dfaf      	RCALL _define_char
                 ; 0000 00AA define_char(char2,2);
0000d1 e6e4      	LDI  R30,LOW(_char2*2)
0000d2 e0f0      	LDI  R31,HIGH(_char2*2)
0000d3 93fa      	ST   -Y,R31
0000d4 93ea      	ST   -Y,R30
0000d5 e0a2      	LDI  R26,LOW(2)
0000d6 dfa9      	RCALL _define_char
                 ; 0000 00AB define_char(char3,3);
0000d7 e6ec      	LDI  R30,LOW(_char3*2)
0000d8 e0f0      	LDI  R31,HIGH(_char3*2)
0000d9 93fa      	ST   -Y,R31
0000da 93ea      	ST   -Y,R30
0000db e0a3      	LDI  R26,LOW(3)
0000dc dfa3      	RCALL _define_char
                 ; 0000 00AC define_char(char4,4);
0000dd e7e4      	LDI  R30,LOW(_char4*2)
0000de e0f0      	LDI  R31,HIGH(_char4*2)
0000df 93fa      	ST   -Y,R31
0000e0 93ea      	ST   -Y,R30
0000e1 e0a4      	LDI  R26,LOW(4)
0000e2 df9d      	RCALL _define_char
                 ; 0000 00AD define_char(char5,5);
0000e3 e7ec      	LDI  R30,LOW(_char5*2)
0000e4 e0f0      	LDI  R31,HIGH(_char5*2)
0000e5 93fa      	ST   -Y,R31
0000e6 93ea      	ST   -Y,R30
0000e7 e0a5      	LDI  R26,LOW(5)
0000e8 df97      	RCALL _define_char
                 ; 0000 00AE define_char(char6,6);
0000e9 e8e4      	LDI  R30,LOW(_char6*2)
0000ea e0f0      	LDI  R31,HIGH(_char6*2)
0000eb 93fa      	ST   -Y,R31
0000ec 93ea      	ST   -Y,R30
0000ed e0a6      	LDI  R26,LOW(6)
0000ee df91      	RCALL _define_char
                 ; 0000 00AF define_char(char7,7);
0000ef e8ec      	LDI  R30,LOW(_char7*2)
0000f0 e0f0      	LDI  R31,HIGH(_char7*2)
0000f1 93fa      	ST   -Y,R31
0000f2 93ea      	ST   -Y,R30
0000f3 e0a7      	LDI  R26,LOW(7)
0000f4 df8b      	RCALL _define_char
                 ; 0000 00B0 lcd_gotoxy(0,0);
0000f5 e0e0      	LDI  R30,LOW(0)
0000f6 93ea      	ST   -Y,R30
0000f7 e0a0      	LDI  R26,LOW(0)
0000f8 940e 0162 	CALL _lcd_gotoxy
                 ; 0000 00B1 lcd_putsf("LName:");
                +
0000fa e9a4     +LDI R26 , LOW ( 2 * _0x0 + ( 0 ) )
0000fb e0b0     +LDI R27 , HIGH ( 2 * _0x0 + ( 0 ) )
                 	__POINTW2FN _0x0,0
0000fc 940e 019b 	CALL _lcd_putsf
                 ; 0000 00B2 lcd_putchar(7);
0000fe e0a7      	LDI  R26,LOW(7)
0000ff 940e 0181 	CALL _lcd_putchar
                 ; 0000 00B3 lcd_putchar(6);
000101 e0a6      	LDI  R26,LOW(6)
000102 940e 0181 	CALL _lcd_putchar
                 ; 0000 00B4 lcd_putchar(5);
000104 e0a5      	LDI  R26,LOW(5)
000105 940e 0181 	CALL _lcd_putchar
                 ; 0000 00B5 lcd_putchar(4);
000107 e0a4      	LDI  R26,LOW(4)
000108 940e 0181 	CALL _lcd_putchar
                 ; 0000 00B6 lcd_putchar(3);
00010a e0a3      	LDI  R26,LOW(3)
00010b 940e 0181 	CALL _lcd_putchar
                 ; 0000 00B7 lcd_putchar(2);
00010d e0a2      	LDI  R26,LOW(2)
00010e 940e 0181 	CALL _lcd_putchar
                 ; 0000 00B8 lcd_putchar(1);
000110 e0a1      	LDI  R26,LOW(1)
000111 940e 0181 	CALL _lcd_putchar
                 ; 0000 00B9 lcd_putchar(0);
000113 e0a0      	LDI  R26,LOW(0)
000114 940e 0181 	CALL _lcd_putchar
                 ; 0000 00BA 
                 ; 0000 00BB while (1)
                 _0x6:
                 ; 0000 00BC       {
                 ; 0000 00BD       // Place your code here
                 ; 0000 00BE 
                 ; 0000 00BF       };
000116 cfff      	RJMP _0x6
                 ; 0000 00C0 }
                 _0x9:
000117 cfff      	RJMP _0x9
                 ; .FEND
                     .equ __lcd_direction=__lcd_port-1
                     .equ __lcd_pin=__lcd_port-2
                     .equ __lcd_rs=0
                     .equ __lcd_rd=1
                     .equ __lcd_enable=2
                     .equ __lcd_busy_flag=7
                 
                 	.DSEG
                 
                 	.CSEG
                 __lcd_delay_G100:
                 ; .FSTART __lcd_delay_G100
000118 e0ff          ldi   r31,15
                 __lcd_delay0:
000119 95fa          dec   r31
00011a f7f1          brne  __lcd_delay0
00011b 9508      	RET
                 ; .FEND
                 __lcd_ready:
                 ; .FSTART __lcd_ready
00011c b3aa          in    r26,__lcd_direction
00011d 70af          andi  r26,0xf                 ;set as input
00011e bbaa          out   __lcd_direction,r26
00011f 9ad9          sbi   __lcd_port,__lcd_rd     ;RD=1
000120 98d8          cbi   __lcd_port,__lcd_rs     ;RS=0
                 __lcd_busy:
000121 dff6      	RCALL __lcd_delay_G100
000122 9ada          sbi   __lcd_port,__lcd_enable ;EN=1
000123 dff4      	RCALL __lcd_delay_G100
000124 b3a9          in    r26,__lcd_pin
000125 98da          cbi   __lcd_port,__lcd_enable ;EN=0
000126 dff1      	RCALL __lcd_delay_G100
000127 9ada          sbi   __lcd_port,__lcd_enable ;EN=1
000128 dfef      	RCALL __lcd_delay_G100
000129 98da          cbi   __lcd_port,__lcd_enable ;EN=0
00012a fda7          sbrc  r26,__lcd_busy_flag
00012b cff5          rjmp  __lcd_busy
00012c 9508      	RET
                 ; .FEND
                 __lcd_write_nibble_G100:
                 ; .FSTART __lcd_write_nibble_G100
00012d 7fa0          andi  r26,0xf0
00012e 2bab          or    r26,r27
00012f bbab          out   __lcd_port,r26          ;write
000130 9ada          sbi   __lcd_port,__lcd_enable ;EN=1
000131 940e 0118 	CALL __lcd_delay_G100
000133 98da          cbi   __lcd_port,__lcd_enable ;EN=0
000134 940e 0118 	CALL __lcd_delay_G100
000136 9508      	RET
                 ; .FEND
                 __lcd_write_data:
                 ; .FSTART __lcd_write_data
000137 93aa      	ST   -Y,R26
000138 98d9          cbi  __lcd_port,__lcd_rd 	  ;RD=0
000139 b3aa          in    r26,__lcd_direction
00013a 6fa7          ori   r26,0xf0 | (1<<__lcd_rs) | (1<<__lcd_rd) | (1<<__lcd_enable) ;set as output
00013b bbaa          out   __lcd_direction,r26
00013c b3bb          in    r27,__lcd_port
00013d 70bf          andi  r27,0xf
00013e 81a8          ld    r26,y
00013f dfed      	RCALL __lcd_write_nibble_G100
000140 81a8          ld    r26,y
000141 95a2          swap  r26
000142 dfea      	RCALL __lcd_write_nibble_G100
000143 9ad9          sbi   __lcd_port,__lcd_rd     ;RD=1
000144 940c 01ea 	JMP  _0x2020001
                 ; .FEND
                 _lcd_write_byte:
                 ; .FSTART _lcd_write_byte
000146 93aa      	ST   -Y,R26
000147 940e 011c 	CALL __lcd_ready
000149 81a9      	LDD  R26,Y+1
00014a 940e 01ec 	CALL SUBOPT_0x0
00014c 9ad8          sbi   __lcd_port,__lcd_rs     ;RS=1
00014d 81a8      	LD   R26,Y
00014e dfe8      	RCALL __lcd_write_data
00014f c020      	RJMP _0x2020002
                 ; .FEND
                 __lcd_read_nibble_G100:
                 ; .FSTART __lcd_read_nibble_G100
000150 9ada          sbi   __lcd_port,__lcd_enable ;EN=1
000151 940e 0118 	CALL __lcd_delay_G100
000153 b3e9          in    r30,__lcd_pin           ;read
000154 98da          cbi   __lcd_port,__lcd_enable ;EN=0
000155 940e 0118 	CALL __lcd_delay_G100
000157 7fe0          andi  r30,0xf0
000158 9508      	RET
                 ; .FEND
                 _lcd_read_byte0_G100:
                 ; .FSTART _lcd_read_byte0_G100
000159 940e 0118 	CALL __lcd_delay_G100
00015b dff4      	RCALL __lcd_read_nibble_G100
00015c 2fae          mov   r26,r30
00015d dff2      	RCALL __lcd_read_nibble_G100
00015e 98d9          cbi   __lcd_port,__lcd_rd     ;RD=0
00015f 95e2          swap  r30
000160 2bea          or    r30,r26
000161 9508      	RET
                 ; .FEND
                 _lcd_gotoxy:
                 ; .FSTART _lcd_gotoxy
000162 93aa      	ST   -Y,R26
000163 940e 011c 	CALL __lcd_ready
000165 81e8      	LD   R30,Y
000166 e0f0      	LDI  R31,0
000167 5ae0      	SUBI R30,LOW(-__base_y_G100)
000168 4ffe      	SBCI R31,HIGH(-__base_y_G100)
000169 81e0      	LD   R30,Z
00016a 81a9      	LDD  R26,Y+1
00016b 0fae      	ADD  R26,R30
00016c 940e 0137 	CALL __lcd_write_data
00016e 8059      	LDD  R5,Y+1
00016f 8048      	LDD  R4,Y+0
                 _0x2020002:
000170 9622      	ADIW R28,2
000171 9508      	RET
                 ; .FEND
                 _lcd_clear:
                 ; .FSTART _lcd_clear
000172 940e 011c 	CALL __lcd_ready
000174 e0a2      	LDI  R26,LOW(2)
000175 940e 01ec 	CALL SUBOPT_0x0
000177 e0ac      	LDI  R26,LOW(12)
000178 940e 01ec 	CALL SUBOPT_0x0
00017a e0a1      	LDI  R26,LOW(1)
00017b 940e 0137 	CALL __lcd_write_data
00017d e0e0      	LDI  R30,LOW(0)
00017e 2e4e      	MOV  R4,R30
00017f 2e5e      	MOV  R5,R30
000180 9508      	RET
                 ; .FEND
                 _lcd_putchar:
                 ; .FSTART _lcd_putchar
000181 93aa      	ST   -Y,R26
000182 93ef          push r30
000183 93ff          push r31
000184 81a8          ld   r26,y
000185 9468          set
000186 30aa          cpi  r26,10
000187 f019          breq __lcd_putchar1
000188 94e8          clt
000189 1457      	CP   R5,R7
00018a f030      	BRLO _0x2000004
                 	__lcd_putchar1:
00018b 9443      	INC  R4
00018c e0e0      	LDI  R30,LOW(0)
00018d 93ea      	ST   -Y,R30
00018e 2da4      	MOV  R26,R4
00018f dfd2      	RCALL _lcd_gotoxy
000190 f036      	brts __lcd_putchar0
                 _0x2000004:
000191 9453      	INC  R5
000192 df89          rcall __lcd_ready
000193 9ad8          sbi  __lcd_port,__lcd_rs ;RS=1
000194 81a8      	LD   R26,Y
000195 940e 0137 	CALL __lcd_write_data
                 __lcd_putchar0:
000197 91ff          pop  r31
000198 91ef          pop  r30
000199 940c 01ea 	JMP  _0x2020001
                 ; .FEND
                 _lcd_putsf:
                 ; .FSTART _lcd_putsf
00019b 93ba      	ST   -Y,R27
00019c 93aa      	ST   -Y,R26
00019d 931a      	ST   -Y,R17
                 _0x2000008:
00019e 81e9      	LDD  R30,Y+1
00019f 81fa      	LDD  R31,Y+1+1
0001a0 9631      	ADIW R30,1
0001a1 83e9      	STD  Y+1,R30
0001a2 83fa      	STD  Y+1+1,R31
0001a3 9731      	SBIW R30,1
0001a4 91e4      	LPM  R30,Z
0001a5 2f1e      	MOV  R17,R30
0001a6 30e0      	CPI  R30,0
0001a7 f019      	BREQ _0x200000A
0001a8 2fa1      	MOV  R26,R17
0001a9 dfd7      	RCALL _lcd_putchar
0001aa cff3      	RJMP _0x2000008
                 _0x200000A:
0001ab 8118      	LDD  R17,Y+0
0001ac 9623      	ADIW R28,3
0001ad 9508      	RET
                 ; .FEND
                 __long_delay_G100:
                 ; .FSTART __long_delay_G100
0001ae 27aa          clr   r26
0001af 27bb          clr   r27
                 __long_delay0:
0001b0 9711          sbiw  r26,1         ;2 cycles
0001b1 f7f1          brne  __long_delay0 ;2 cycles
0001b2 9508      	RET
                 ; .FEND
                 __lcd_init_write_G100:
                 ; .FSTART __lcd_init_write_G100
0001b3 93aa      	ST   -Y,R26
0001b4 98d9          cbi  __lcd_port,__lcd_rd 	  ;RD=0
0001b5 b3aa          in    r26,__lcd_direction
0001b6 6fa7          ori   r26,0xf7                ;set as output
0001b7 bbaa          out   __lcd_direction,r26
0001b8 b3bb          in    r27,__lcd_port
0001b9 70bf          andi  r27,0xf
0001ba 81a8          ld    r26,y
0001bb 940e 012d 	CALL __lcd_write_nibble_G100
0001bd 9ad9          sbi   __lcd_port,__lcd_rd     ;RD=1
0001be c02b      	RJMP _0x2020001
                 ; .FEND
                 _lcd_init:
                 ; .FSTART _lcd_init
0001bf 93aa      	ST   -Y,R26
0001c0 98da          cbi   __lcd_port,__lcd_enable ;EN=0
0001c1 98d8          cbi   __lcd_port,__lcd_rs     ;RS=0
0001c2 8078      	LDD  R7,Y+0
0001c3 81e8      	LD   R30,Y
0001c4 58e0      	SUBI R30,-LOW(128)
                +
0001c5 93e0 0162+STS __base_y_G100 + ( 2 ) , R30
                 	__PUTB1MN __base_y_G100,2
0001c7 81e8      	LD   R30,Y
0001c8 54e0      	SUBI R30,-LOW(192)
                +
0001c9 93e0 0163+STS __base_y_G100 + ( 3 ) , R30
                 	__PUTB1MN __base_y_G100,3
0001cb d024      	RCALL SUBOPT_0x1
0001cc d023      	RCALL SUBOPT_0x1
0001cd d022      	RCALL SUBOPT_0x1
0001ce dfdf      	RCALL __long_delay_G100
0001cf e2a0      	LDI  R26,LOW(32)
0001d0 dfe2      	RCALL __lcd_init_write_G100
0001d1 dfdc      	RCALL __long_delay_G100
0001d2 e2a8      	LDI  R26,LOW(40)
0001d3 d020      	RCALL SUBOPT_0x2
0001d4 e0a4      	LDI  R26,LOW(4)
0001d5 d01e      	RCALL SUBOPT_0x2
0001d6 e8a5      	LDI  R26,LOW(133)
0001d7 d01c      	RCALL SUBOPT_0x2
0001d8 b3aa          in    r26,__lcd_direction
0001d9 70af          andi  r26,0xf                 ;set as input
0001da bbaa          out   __lcd_direction,r26
0001db 9ad9          sbi   __lcd_port,__lcd_rd     ;RD=1
0001dc 940e 0159 	CALL _lcd_read_byte0_G100
0001de 30e5      	CPI  R30,LOW(0x5)
0001df f011      	BREQ _0x200000B
0001e0 e0e0      	LDI  R30,LOW(0)
0001e1 c008      	RJMP _0x2020001
                 _0x200000B:
0001e2 940e 011c 	CALL __lcd_ready
0001e4 e0a6      	LDI  R26,LOW(6)
0001e5 940e 0137 	CALL __lcd_write_data
0001e7 940e 0172 	CALL _lcd_clear
0001e9 e0e1      	LDI  R30,LOW(1)
                 _0x2020001:
0001ea 9621      	ADIW R28,1
0001eb 9508      	RET
                 ; .FEND
                 
                 	.DSEG
                 __base_y_G100:
000160           	.BYTE 0x4
                 
                 	.CSEG
                 ;OPTIMIZER ADDED SUBROUTINE, CALLED 3 TIMES, CODE SIZE REDUCTION:1 WORDS
                 SUBOPT_0x0:
0001ec 940e 0137 	CALL __lcd_write_data
0001ee 940c 011c 	JMP  __lcd_ready
                 
                 ;OPTIMIZER ADDED SUBROUTINE, CALLED 3 TIMES, CODE SIZE REDUCTION:3 WORDS
                 SUBOPT_0x1:
0001f0 940e 01ae 	CALL __long_delay_G100
0001f2 e3a0      	LDI  R26,LOW(48)
0001f3 cfbf      	RJMP __lcd_init_write_G100
                 
                 ;OPTIMIZER ADDED SUBROUTINE, CALLED 3 TIMES, CODE SIZE REDUCTION:1 WORDS
                 SUBOPT_0x2:
0001f4 940e 0137 	CALL __lcd_write_data
0001f6 940c 01ae 	JMP  __long_delay_G100
                 
                 
                 	.CSEG
                 ;END OF CODE MARKER
                 __END_OF_CODE:


RESOURCE USE INFORMATION
------------------------

Notice:
The register and instruction counts are symbol table hit counts,
and hence implicitly used resources are not counted, eg, the
'lpm' instruction without operands implicitly uses r0 and z,
none of which are counted.

x,y,z are separate entities in the symbol table and are
counted separately from r26..r31 here.

.dseg memory usage only counts static data declared with .byte

ATmega16 register use summary:
r0 :   4 r1 :   1 r2 :   0 r3 :   0 r4 :   4 r5 :   4 r6 :   0 r7 :   2 
r8 :   0 r9 :   0 r10:   0 r11:   0 r12:   0 r13:   0 r14:   0 r15:   0 
r16:   5 r17:   9 r18:   0 r19:   0 r20:   0 r21:   0 r22:   2 r23:   0 
r24:   7 r25:   2 r26:  74 r27:  10 r28:   5 r29:   1 r30: 111 r31:  29 
x  :   3 y  :  57 z  :  10 
Registers used: 19 out of 35 (54.3%)

ATmega16 instruction use summary:
.lds  :   0 .lds.l:   0 .sts  :   0 .sts.l:   0 adc   :   0 add   :   1 
adiw  :   6 and   :   0 andi  :   6 asr   :   0 bclr  :   0 bld   :   0 
brbc  :   0 brbs  :   0 brcc  :   0 brcs  :   0 break :   0 breq  :   4 
brge  :   0 brhc  :   0 brhs  :   0 brid  :   0 brie  :   0 brlo  :   1 
brlt  :   0 brmi  :   0 brne  :   5 brpl  :   0 brsh  :   1 brtc  :   0 
brts  :   1 brvc  :   0 brvs  :   0 bset  :   0 bst   :   0 call  :  34 
cbi   :  10 cbr   :   0 clc   :   0 clh   :   0 cli   :   1 cln   :   0 
clr   :   4 cls   :   0 clt   :   1 clv   :   0 clz   :   0 com   :   0 
cp    :   1 cpc   :   0 cpi   :   4 cpse  :   0 dec   :   2 des   :   0 
eor   :   0 fmul  :   0 fmuls :   0 fmulsu:   0 icall :   0 ijmp  :   0 
in    :   8 inc   :   3 jmp   :  26 ld    :  10 ldd   :  13 ldi   :  68 
lds   :   0 lpm   :  11 lsl   :   3 lsr   :   0 mov   :   7 movw  :   3 
mul   :   0 muls  :   0 mulsu :   0 neg   :   0 nop   :   0 or    :   2 
ori   :   3 out   :  45 pop   :   2 push  :   2 rcall :  29 ret   :  11 
reti  :   0 rjmp  :  10 rol   :   0 ror   :   0 sbc   :   0 sbci  :   1 
sbi   :  10 sbic  :   0 sbis  :   0 sbiw  :   6 sbr   :   0 sbrc  :   1 
sbrs  :   0 sec   :   0 seh   :   0 sei   :   0 sen   :   0 ser   :   0 
ses   :   0 set   :   1 sev   :   0 sez   :   0 sleep :   0 spm   :   0 
st    :  34 std   :   4 sts   :   2 sub   :   0 subi  :   4 swap  :   2 
tst   :   0 wdr   :   0 
Instructions used: 44 out of 116 (37.9%)

ATmega16 memory use summary [bytes]:
Segment   Begin    End      Code   Data   Used    Size   Use%
---------------------------------------------------------------
[.cseg] 0x000000 0x0003f0    926     82   1008   16384   6.2%
[.dseg] 0x000060 0x000164      0      4      4    1024   0.4%
[.eseg] 0x000000 0x000000      0      0      0     512   0.0%

Assembly complete, 0 errors, 4 warnings
